{"/home/user/teksure/src/components/BackToTop.tsx": {"path":"/home/user/teksure/src/components/BackToTop.tsx","all":false,"statementMap":{"0":{"start":{"line":1,"column":0},"end":{"line":1,"column":44}},"4":{"start":{"line":5,"column":0},"end":{"line":5,"column":3}},"7":{"start":{"line":8,"column":0},"end":{"line":8,"column":3}},"8":{"start":{"line":9,"column":0},"end":{"line":9,"column":29}},"9":{"start":{"line":10,"column":0},"end":{"line":10,"column":48}},"11":{"start":{"line":12,"column":0},"end":{"line":12,"column":19}},"12":{"start":{"line":13,"column":0},"end":{"line":13,"column":60}},"13":{"start":{"line":14,"column":0},"end":{"line":14,"column":67}},"14":{"start":{"line":15,"column":0},"end":{"line":15,"column":64}},"15":{"start":{"line":16,"column":0},"end":{"line":16,"column":9}},"17":{"start":{"line":18,"column":0},"end":{"line":18,"column":28}},"19":{"start":{"line":20,"column":0},"end":{"line":20,"column":10}},"20":{"start":{"line":21,"column":0},"end":{"line":21,"column":11}},"21":{"start":{"line":22,"column":0},"end":{"line":22,"column":23}},"22":{"start":{"line":23,"column":0},"end":{"line":23,"column":15}},"23":{"start":{"line":24,"column":0},"end":{"line":24,"column":133}},"24":{"start":{"line":25,"column":0},"end":{"line":25,"column":69}},"25":{"start":{"line":26,"column":0},"end":{"line":26,"column":38}},"27":{"start":{"line":28,"column":0},"end":{"line":28,"column":37}},"28":{"start":{"line":29,"column":0},"end":{"line":29,"column":51}},"31":{"start":{"line":32,"column":0},"end":{"line":32,"column":1}}},"s":{"0":1,"4":1,"7":1,"8":1,"9":3,"11":3,"12":2,"13":2,"14":2,"15":3,"17":3,"19":1,"20":1,"21":1,"22":1,"23":1,"24":1,"25":1,"27":1,"28":1,"31":1},"branchMap":{"0":{"type":"branch","line":9,"loc":{"start":{"line":9,"column":7},"end":{"line":32,"column":1}},"locations":[{"start":{"line":9,"column":7},"end":{"line":32,"column":1}}]},"1":{"type":"branch","line":18,"loc":{"start":{"line":18,"column":16},"end":{"line":18,"column":28}},"locations":[{"start":{"line":18,"column":16},"end":{"line":18,"column":28}}]},"2":{"type":"branch","line":18,"loc":{"start":{"line":18,"column":23},"end":{"line":32,"column":1}},"locations":[{"start":{"line":18,"column":23},"end":{"line":32,"column":1}}]},"3":{"type":"branch","line":12,"loc":{"start":{"line":12,"column":12},"end":{"line":16,"column":5}},"locations":[{"start":{"line":12,"column":12},"end":{"line":16,"column":5}}]},"4":{"type":"branch","line":13,"loc":{"start":{"line":13,"column":21},"end":{"line":13,"column":60}},"locations":[{"start":{"line":13,"column":21},"end":{"line":13,"column":60}}]},"5":{"type":"branch","line":15,"loc":{"start":{"line":15,"column":11},"end":{"line":15,"column":64}},"locations":[{"start":{"line":15,"column":11},"end":{"line":15,"column":64}}]}},"b":{"0":[3],"1":[2],"2":[1],"3":[2],"4":[1],"5":[2]},"fnMap":{"0":{"name":"BackToTop","decl":{"start":{"line":9,"column":7},"end":{"line":32,"column":1}},"loc":{"start":{"line":9,"column":7},"end":{"line":32,"column":1}},"line":9},"1":{"name":"onScroll","decl":{"start":{"line":13,"column":21},"end":{"line":13,"column":60}},"loc":{"start":{"line":13,"column":21},"end":{"line":13,"column":60}},"line":13},"2":{"name":"onClick","decl":{"start":{"line":25,"column":15},"end":{"line":25,"column":69}},"loc":{"start":{"line":25,"column":15},"end":{"line":25,"column":69}},"line":25}},"f":{"0":3,"1":1,"2":0}}
,"/home/user/teksure/src/components/CookieConsent.tsx": {"path":"/home/user/teksure/src/components/CookieConsent.tsx","all":false,"statementMap":{"0":{"start":{"line":1,"column":0},"end":{"line":1,"column":33}},"4":{"start":{"line":5,"column":0},"end":{"line":5,"column":33}},"5":{"start":{"line":6,"column":0},"end":{"line":6,"column":48}},"6":{"start":{"line":7,"column":0},"end":{"line":7,"column":52}},"7":{"start":{"line":8,"column":0},"end":{"line":8,"column":59}},"8":{"start":{"line":9,"column":0},"end":{"line":9,"column":5}},"10":{"start":{"line":11,"column":0},"end":{"line":11,"column":28}},"12":{"start":{"line":13,"column":0},"end":{"line":13,"column":24}},"13":{"start":{"line":14,"column":0},"end":{"line":14,"column":63}},"14":{"start":{"line":15,"column":0},"end":{"line":15,"column":22}},"15":{"start":{"line":16,"column":0},"end":{"line":16,"column":4}},"17":{"start":{"line":18,"column":0},"end":{"line":18,"column":10}},"18":{"start":{"line":19,"column":0},"end":{"line":19,"column":106}},"19":{"start":{"line":20,"column":0},"end":{"line":20,"column":157}},"20":{"start":{"line":21,"column":0},"end":{"line":21,"column":95}},"21":{"start":{"line":22,"column":0},"end":{"line":22,"column":60}},"23":{"start":{"line":24,"column":0},"end":{"line":24,"column":103}},"25":{"start":{"line":26,"column":0},"end":{"line":26,"column":45}},"26":{"start":{"line":27,"column":0},"end":{"line":27,"column":78}},"27":{"start":{"line":28,"column":0},"end":{"line":28,"column":60}},"32":{"start":{"line":33,"column":0},"end":{"line":33,"column":1}}},"s":{"0":1,"4":1,"5":6,"6":4,"7":4,"8":4,"10":6,"12":3,"13":2,"14":2,"15":2,"17":3,"18":3,"19":3,"20":3,"21":3,"23":3,"25":3,"26":3,"27":3,"32":3},"branchMap":{"0":{"type":"branch","line":5,"loc":{"start":{"line":5,"column":7},"end":{"line":33,"column":1}},"locations":[{"start":{"line":5,"column":7},"end":{"line":33,"column":1}}]},"1":{"type":"branch","line":11,"loc":{"start":{"line":11,"column":16},"end":{"line":33,"column":1}},"locations":[{"start":{"line":11,"column":16},"end":{"line":33,"column":1}}]},"2":{"type":"branch","line":6,"loc":{"start":{"line":6,"column":41},"end":{"line":9,"column":5}},"locations":[{"start":{"line":6,"column":41},"end":{"line":9,"column":5}}]},"3":{"type":"branch","line":7,"loc":{"start":{"line":7,"column":39},"end":{"line":7,"column":52}},"locations":[{"start":{"line":7,"column":39},"end":{"line":7,"column":52}}]},"4":{"type":"branch","line":13,"loc":{"start":{"line":13,"column":17},"end":{"line":16,"column":4}},"locations":[{"start":{"line":13,"column":17},"end":{"line":16,"column":4}}]}},"b":{"0":[6],"1":[3],"2":[4],"3":[0],"4":[2]},"fnMap":{"0":{"name":"CookieConsent","decl":{"start":{"line":5,"column":7},"end":{"line":33,"column":1}},"loc":{"start":{"line":5,"column":7},"end":{"line":33,"column":1}},"line":5},"1":{"name":"accept","decl":{"start":{"line":13,"column":17},"end":{"line":16,"column":4}},"loc":{"start":{"line":13,"column":17},"end":{"line":16,"column":4}},"line":13}},"f":{"0":6,"1":2}}
,"/home/user/teksure/src/components/PageBreadcrumb.tsx": {"path":"/home/user/teksure/src/components/PageBreadcrumb.tsx","all":false,"statementMap":{"0":{"start":{"line":1,"column":0},"end":{"line":1,"column":40}},"15":{"start":{"line":16,"column":0},"end":{"line":16,"column":3}},"18":{"start":{"line":19,"column":0},"end":{"line":19,"column":3}},"19":{"start":{"line":20,"column":0},"end":{"line":20,"column":87}},"20":{"start":{"line":21,"column":0},"end":{"line":21,"column":66}},"22":{"start":{"line":23,"column":0},"end":{"line":23,"column":10}},"23":{"start":{"line":24,"column":0},"end":{"line":24,"column":38}},"24":{"start":{"line":25,"column":0},"end":{"line":25,"column":22}},"25":{"start":{"line":26,"column":0},"end":{"line":26,"column":38}},"26":{"start":{"line":27,"column":0},"end":{"line":27,"column":54}},"27":{"start":{"line":28,"column":0},"end":{"line":28,"column":18}},"28":{"start":{"line":29,"column":0},"end":{"line":29,"column":36}},"29":{"start":{"line":30,"column":0},"end":{"line":30,"column":25}},"30":{"start":{"line":31,"column":0},"end":{"line":31,"column":60}},"32":{"start":{"line":33,"column":0},"end":{"line":33,"column":18}},"33":{"start":{"line":34,"column":0},"end":{"line":34,"column":42}},"34":{"start":{"line":35,"column":0},"end":{"line":35,"column":59}},"36":{"start":{"line":37,"column":0},"end":{"line":37,"column":41}},"41":{"start":{"line":42,"column":0},"end":{"line":42,"column":11}},"45":{"start":{"line":46,"column":0},"end":{"line":46,"column":1}}},"s":{"0":1,"15":1,"18":1,"19":1,"20":4,"22":4,"23":4,"24":4,"25":4,"26":8,"27":8,"28":8,"29":8,"30":3,"32":3,"33":8,"34":8,"36":8,"41":8,"45":4},"branchMap":{"0":{"type":"branch","line":20,"loc":{"start":{"line":20,"column":7},"end":{"line":46,"column":1}},"locations":[{"start":{"line":20,"column":7},"end":{"line":46,"column":1}}]},"1":{"type":"branch","line":26,"loc":{"start":{"line":26,"column":25},"end":{"line":42,"column":11}},"locations":[{"start":{"line":26,"column":25},"end":{"line":42,"column":11}}]},"2":{"type":"branch","line":30,"loc":{"start":{"line":30,"column":15},"end":{"line":33,"column":18}},"locations":[{"start":{"line":30,"column":15},"end":{"line":33,"column":18}}]}},"b":{"0":[4],"1":[8],"2":[3]},"fnMap":{"0":{"name":"PageBreadcrumb","decl":{"start":{"line":20,"column":7},"end":{"line":46,"column":1}},"loc":{"start":{"line":20,"column":7},"end":{"line":46,"column":1}},"line":20}},"f":{"0":4}}
,"/home/user/teksure/src/components/ReportBrokenLink.tsx": {"path":"/home/user/teksure/src/components/ReportBrokenLink.tsx","all":false,"statementMap":{"0":{"start":{"line":1,"column":0},"end":{"line":1,"column":33}},"10":{"start":{"line":11,"column":0},"end":{"line":11,"column":84}},"11":{"start":{"line":12,"column":0},"end":{"line":12,"column":50}},"13":{"start":{"line":14,"column":0},"end":{"line":14,"column":30}},"14":{"start":{"line":15,"column":0},"end":{"line":15,"column":70}},"15":{"start":{"line":16,"column":0},"end":{"line":16,"column":31}},"16":{"start":{"line":17,"column":0},"end":{"line":17,"column":95}},"18":{"start":{"line":19,"column":0},"end":{"line":19,"column":95}},"19":{"start":{"line":20,"column":0},"end":{"line":20,"column":40}},"20":{"start":{"line":21,"column":0},"end":{"line":21,"column":78}},"21":{"start":{"line":22,"column":0},"end":{"line":22,"column":5}},"22":{"start":{"line":23,"column":0},"end":{"line":23,"column":22}},"23":{"start":{"line":24,"column":0},"end":{"line":24,"column":75}},"24":{"start":{"line":25,"column":0},"end":{"line":25,"column":4}},"26":{"start":{"line":27,"column":0},"end":{"line":27,"column":10}},"27":{"start":{"line":28,"column":0},"end":{"line":28,"column":11}},"28":{"start":{"line":29,"column":0},"end":{"line":29,"column":21}},"29":{"start":{"line":30,"column":0},"end":{"line":30,"column":15}},"30":{"start":{"line":31,"column":0},"end":{"line":31,"column":90}},"31":{"start":{"line":32,"column":0},"end":{"line":32,"column":28}},"32":{"start":{"line":33,"column":0},"end":{"line":33,"column":25}},"33":{"start":{"line":34,"column":0},"end":{"line":34,"column":53}},"35":{"start":{"line":36,"column":0},"end":{"line":36,"column":19}},"36":{"start":{"line":37,"column":0},"end":{"line":37,"column":55}},"38":{"start":{"line":39,"column":0},"end":{"line":39,"column":64}},"42":{"start":{"line":43,"column":0},"end":{"line":43,"column":1}}},"s":{"0":1,"10":1,"11":5,"13":5,"14":2,"15":2,"16":2,"18":2,"19":2,"20":2,"21":2,"22":2,"23":2,"24":2,"26":5,"27":5,"28":5,"29":5,"30":5,"31":5,"32":5,"33":5,"35":5,"36":2,"38":5,"42":5},"branchMap":{"0":{"type":"branch","line":11,"loc":{"start":{"line":11,"column":7},"end":{"line":43,"column":1}},"locations":[{"start":{"line":11,"column":7},"end":{"line":43,"column":1}}]},"1":{"type":"branch","line":36,"loc":{"start":{"line":36,"column":7},"end":{"line":39,"column":10}},"locations":[{"start":{"line":36,"column":7},"end":{"line":39,"column":10}}]},"2":{"type":"branch","line":14,"loc":{"start":{"line":14,"column":23},"end":{"line":25,"column":4}},"locations":[{"start":{"line":14,"column":23},"end":{"line":25,"column":4}}]}},"b":{"0":[5],"1":[2],"2":[2]},"fnMap":{"0":{"name":"ReportBrokenLink","decl":{"start":{"line":11,"column":7},"end":{"line":43,"column":1}},"loc":{"start":{"line":11,"column":7},"end":{"line":43,"column":1}},"line":11},"1":{"name":"handleReport","decl":{"start":{"line":14,"column":23},"end":{"line":25,"column":4}},"loc":{"start":{"line":14,"column":23},"end":{"line":25,"column":4}},"line":14}},"f":{"0":5,"1":2}}
,"/home/user/teksure/src/components/ShareGuideButton.tsx": {"path":"/home/user/teksure/src/components/ShareGuideButton.tsx","all":false,"statementMap":{"0":{"start":{"line":1,"column":0},"end":{"line":1,"column":33}},"15":{"start":{"line":16,"column":0},"end":{"line":16,"column":73}},"16":{"start":{"line":17,"column":0},"end":{"line":17,"column":46}},"17":{"start":{"line":18,"column":0},"end":{"line":18,"column":46}},"18":{"start":{"line":19,"column":0},"end":{"line":19,"column":49}},"19":{"start":{"line":20,"column":0},"end":{"line":20,"column":49}},"21":{"start":{"line":22,"column":0},"end":{"line":22,"column":32}},"22":{"start":{"line":23,"column":0},"end":{"line":23,"column":9}},"23":{"start":{"line":24,"column":0},"end":{"line":24,"column":51}},"24":{"start":{"line":25,"column":0},"end":{"line":25,"column":22}},"25":{"start":{"line":26,"column":0},"end":{"line":26,"column":47}},"26":{"start":{"line":27,"column":0},"end":{"line":27,"column":13}},"27":{"start":{"line":28,"column":0},"end":{"line":28,"column":36}},"28":{"start":{"line":29,"column":0},"end":{"line":29,"column":52}},"29":{"start":{"line":30,"column":0},"end":{"line":30,"column":28}},"30":{"start":{"line":31,"column":0},"end":{"line":31,"column":39}},"31":{"start":{"line":32,"column":0},"end":{"line":32,"column":21}},"32":{"start":{"line":33,"column":0},"end":{"line":33,"column":35}},"33":{"start":{"line":34,"column":0},"end":{"line":34,"column":39}},"34":{"start":{"line":35,"column":0},"end":{"line":35,"column":22}},"35":{"start":{"line":36,"column":0},"end":{"line":36,"column":47}},"36":{"start":{"line":37,"column":0},"end":{"line":37,"column":5}},"37":{"start":{"line":38,"column":0},"end":{"line":38,"column":4}},"39":{"start":{"line":40,"column":0},"end":{"line":40,"column":10}},"40":{"start":{"line":41,"column":0},"end":{"line":41,"column":18}},"41":{"start":{"line":42,"column":0},"end":{"line":42,"column":35}},"42":{"start":{"line":43,"column":0},"end":{"line":43,"column":84}},"43":{"start":{"line":44,"column":0},"end":{"line":44,"column":46}},"46":{"start":{"line":47,"column":0},"end":{"line":47,"column":56}},"47":{"start":{"line":48,"column":0},"end":{"line":48,"column":34}},"48":{"start":{"line":49,"column":0},"end":{"line":49,"column":12}},"49":{"start":{"line":50,"column":0},"end":{"line":50,"column":79}},"50":{"start":{"line":51,"column":0},"end":{"line":51,"column":27}},"51":{"start":{"line":52,"column":0},"end":{"line":52,"column":37}},"52":{"start":{"line":53,"column":0},"end":{"line":53,"column":47}},"54":{"start":{"line":55,"column":0},"end":{"line":55,"column":53}},"57":{"start":{"line":58,"column":0},"end":{"line":58,"column":34}},"58":{"start":{"line":59,"column":0},"end":{"line":59,"column":12}},"59":{"start":{"line":60,"column":0},"end":{"line":60,"column":92}},"60":{"start":{"line":61,"column":0},"end":{"line":61,"column":27}},"61":{"start":{"line":62,"column":0},"end":{"line":62,"column":37}},"62":{"start":{"line":63,"column":0},"end":{"line":63,"column":47}},"64":{"start":{"line":65,"column":0},"end":{"line":65,"column":51}},"67":{"start":{"line":68,"column":0},"end":{"line":68,"column":34}},"68":{"start":{"line":69,"column":0},"end":{"line":69,"column":12}},"69":{"start":{"line":70,"column":0},"end":{"line":70,"column":93}},"70":{"start":{"line":71,"column":0},"end":{"line":71,"column":47}},"72":{"start":{"line":73,"column":0},"end":{"line":73,"column":46}},"75":{"start":{"line":76,"column":0},"end":{"line":76,"column":81}},"76":{"start":{"line":77,"column":0},"end":{"line":77,"column":103}},"77":{"start":{"line":78,"column":0},"end":{"line":78,"column":44}},"82":{"start":{"line":83,"column":0},"end":{"line":83,"column":1}}},"s":{"0":1,"15":1,"16":2,"17":2,"18":2,"19":2,"21":2,"22":0,"23":0,"24":0,"25":0,"26":0,"27":0,"28":0,"29":0,"30":0,"31":0,"32":0,"33":0,"34":0,"35":0,"36":0,"37":0,"39":2,"40":2,"41":2,"42":2,"43":2,"46":2,"47":2,"48":2,"49":2,"50":2,"51":2,"52":2,"54":2,"57":2,"58":2,"59":2,"60":2,"61":2,"62":2,"64":2,"67":2,"68":2,"69":2,"70":2,"72":2,"75":2,"76":2,"77":2,"82":2},"branchMap":{"0":{"type":"branch","line":16,"loc":{"start":{"line":16,"column":7},"end":{"line":83,"column":1}},"locations":[{"start":{"line":16,"column":7},"end":{"line":83,"column":1}}]},"1":{"type":"branch","line":77,"loc":{"start":{"line":77,"column":11},"end":{"line":77,"column":74}},"locations":[{"start":{"line":77,"column":11},"end":{"line":77,"column":74}}]},"2":{"type":"branch","line":78,"loc":{"start":{"line":78,"column":11},"end":{"line":78,"column":32}},"locations":[{"start":{"line":78,"column":11},"end":{"line":78,"column":32}}]}},"b":{"0":[2],"1":[0],"2":[0]},"fnMap":{"0":{"name":"ShareGuideButton","decl":{"start":{"line":16,"column":7},"end":{"line":83,"column":1}},"loc":{"start":{"line":16,"column":7},"end":{"line":83,"column":1}},"line":16},"1":{"name":"copyLink","decl":{"start":{"line":22,"column":19},"end":{"line":38,"column":4}},"loc":{"start":{"line":22,"column":19},"end":{"line":38,"column":4}},"line":22}},"f":{"0":2,"1":0}}
,"/home/user/teksure/src/data/guides.ts": {"path":"/home/user/teksure/src/data/guides.ts","all":false,"statementMap":{"0":{"start":{"line":1,"column":0},"end":{"line":1,"column":221}},"54":{"start":{"line":55,"column":0},"end":{"line":55,"column":62}},"55":{"start":{"line":56,"column":0},"end":{"line":56,"column":37}},"56":{"start":{"line":57,"column":0},"end":{"line":57,"column":29}},"57":{"start":{"line":58,"column":0},"end":{"line":58,"column":41}},"58":{"start":{"line":59,"column":0},"end":{"line":59,"column":33}},"59":{"start":{"line":60,"column":0},"end":{"line":60,"column":27}},"60":{"start":{"line":61,"column":0},"end":{"line":61,"column":31}},"61":{"start":{"line":62,"column":0},"end":{"line":62,"column":38}},"62":{"start":{"line":63,"column":0},"end":{"line":63,"column":28}},"63":{"start":{"line":64,"column":0},"end":{"line":64,"column":34}},"64":{"start":{"line":65,"column":0},"end":{"line":65,"column":42}},"65":{"start":{"line":66,"column":0},"end":{"line":66,"column":35}},"66":{"start":{"line":67,"column":0},"end":{"line":67,"column":32}},"67":{"start":{"line":68,"column":0},"end":{"line":68,"column":2}},"69":{"start":{"line":70,"column":0},"end":{"line":70,"column":68}},"70":{"start":{"line":71,"column":0},"end":{"line":71,"column":87}},"71":{"start":{"line":72,"column":0},"end":{"line":72,"column":81}},"72":{"start":{"line":73,"column":0},"end":{"line":73,"column":85}},"73":{"start":{"line":74,"column":0},"end":{"line":74,"column":86}},"74":{"start":{"line":75,"column":0},"end":{"line":75,"column":102}},"75":{"start":{"line":76,"column":0},"end":{"line":76,"column":72}},"76":{"start":{"line":77,"column":0},"end":{"line":77,"column":97}},"77":{"start":{"line":78,"column":0},"end":{"line":78,"column":67}},"78":{"start":{"line":79,"column":0},"end":{"line":79,"column":111}},"79":{"start":{"line":80,"column":0},"end":{"line":80,"column":125}},"80":{"start":{"line":81,"column":0},"end":{"line":81,"column":96}},"81":{"start":{"line":82,"column":0},"end":{"line":82,"column":86}},"82":{"start":{"line":83,"column":0},"end":{"line":83,"column":2}},"85":{"start":{"line":86,"column":0},"end":{"line":86,"column":29}},"86":{"start":{"line":87,"column":0},"end":{"line":87,"column":48}},"87":{"start":{"line":88,"column":0},"end":{"line":88,"column":31}},"88":{"start":{"line":89,"column":0},"end":{"line":89,"column":48}},"90":{"start":{"line":91,"column":0},"end":{"line":91,"column":20}},"91":{"start":{"line":92,"column":0},"end":{"line":92,"column":3}},"92":{"start":{"line":93,"column":0},"end":{"line":93,"column":31}},"93":{"start":{"line":94,"column":0},"end":{"line":94,"column":44}},"94":{"start":{"line":95,"column":0},"end":{"line":95,"column":107}},"95":{"start":{"line":96,"column":0},"end":{"line":96,"column":31}},"96":{"start":{"line":97,"column":0},"end":{"line":97,"column":54}},"97":{"start":{"line":98,"column":0},"end":{"line":98,"column":22}},"98":{"start":{"line":99,"column":0},"end":{"line":99,"column":26}},"99":{"start":{"line":100,"column":0},"end":{"line":100,"column":30}},"100":{"start":{"line":101,"column":0},"end":{"line":101,"column":27}},"101":{"start":{"line":102,"column":0},"end":{"line":102,"column":12}},"102":{"start":{"line":103,"column":0},"end":{"line":103,"column":159}},"103":{"start":{"line":104,"column":0},"end":{"line":104,"column":143}},"104":{"start":{"line":105,"column":0},"end":{"line":105,"column":239}},"105":{"start":{"line":106,"column":0},"end":{"line":106,"column":281}},"106":{"start":{"line":107,"column":0},"end":{"line":107,"column":284}},"108":{"start":{"line":109,"column":0},"end":{"line":109,"column":4}},"109":{"start":{"line":110,"column":0},"end":{"line":110,"column":3}},"110":{"start":{"line":111,"column":0},"end":{"line":111,"column":33}},"111":{"start":{"line":112,"column":0},"end":{"line":112,"column":48}},"112":{"start":{"line":113,"column":0},"end":{"line":113,"column":100}},"113":{"start":{"line":114,"column":0},"end":{"line":114,"column":31}},"114":{"start":{"line":115,"column":0},"end":{"line":115,"column":53}},"115":{"start":{"line":116,"column":0},"end":{"line":116,"column":22}},"116":{"start":{"line":117,"column":0},"end":{"line":117,"column":58}},"117":{"start":{"line":118,"column":0},"end":{"line":118,"column":25}},"118":{"start":{"line":119,"column":0},"end":{"line":119,"column":30}},"119":{"start":{"line":120,"column":0},"end":{"line":120,"column":27}},"120":{"start":{"line":121,"column":0},"end":{"line":121,"column":12}},"121":{"start":{"line":122,"column":0},"end":{"line":122,"column":131}},"122":{"start":{"line":123,"column":0},"end":{"line":123,"column":131}},"123":{"start":{"line":124,"column":0},"end":{"line":124,"column":265}},"124":{"start":{"line":125,"column":0},"end":{"line":125,"column":364}},"125":{"start":{"line":126,"column":0},"end":{"line":126,"column":307}},"127":{"start":{"line":128,"column":0},"end":{"line":128,"column":4}},"128":{"start":{"line":129,"column":0},"end":{"line":129,"column":3}},"129":{"start":{"line":130,"column":0},"end":{"line":130,"column":40}},"130":{"start":{"line":131,"column":0},"end":{"line":131,"column":55}},"131":{"start":{"line":132,"column":0},"end":{"line":132,"column":91}},"132":{"start":{"line":133,"column":0},"end":{"line":133,"column":31}},"133":{"start":{"line":134,"column":0},"end":{"line":134,"column":54}},"134":{"start":{"line":135,"column":0},"end":{"line":135,"column":22}},"135":{"start":{"line":136,"column":0},"end":{"line":136,"column":25}},"136":{"start":{"line":137,"column":0},"end":{"line":137,"column":30}},"137":{"start":{"line":138,"column":0},"end":{"line":138,"column":27}},"138":{"start":{"line":139,"column":0},"end":{"line":139,"column":12}},"139":{"start":{"line":140,"column":0},"end":{"line":140,"column":150}},"140":{"start":{"line":141,"column":0},"end":{"line":141,"column":123}},"141":{"start":{"line":142,"column":0},"end":{"line":142,"column":140}},"142":{"start":{"line":143,"column":0},"end":{"line":143,"column":125}},"143":{"start":{"line":144,"column":0},"end":{"line":144,"column":137}},"145":{"start":{"line":146,"column":0},"end":{"line":146,"column":4}},"146":{"start":{"line":147,"column":0},"end":{"line":147,"column":3}},"147":{"start":{"line":148,"column":0},"end":{"line":148,"column":32}},"148":{"start":{"line":149,"column":0},"end":{"line":149,"column":47}},"149":{"start":{"line":150,"column":0},"end":{"line":150,"column":90}},"150":{"start":{"line":151,"column":0},"end":{"line":151,"column":31}},"151":{"start":{"line":152,"column":0},"end":{"line":152,"column":59}},"152":{"start":{"line":153,"column":0},"end":{"line":153,"column":22}},"153":{"start":{"line":154,"column":0},"end":{"line":154,"column":25}},"154":{"start":{"line":155,"column":0},"end":{"line":155,"column":30}},"155":{"start":{"line":156,"column":0},"end":{"line":156,"column":27}},"156":{"start":{"line":157,"column":0},"end":{"line":157,"column":12}},"157":{"start":{"line":158,"column":0},"end":{"line":158,"column":184}},"158":{"start":{"line":159,"column":0},"end":{"line":159,"column":139}},"159":{"start":{"line":160,"column":0},"end":{"line":160,"column":140}},"160":{"start":{"line":161,"column":0},"end":{"line":161,"column":166}},"161":{"start":{"line":162,"column":0},"end":{"line":162,"column":140}},"163":{"start":{"line":164,"column":0},"end":{"line":164,"column":4}},"164":{"start":{"line":165,"column":0},"end":{"line":165,"column":3}},"165":{"start":{"line":166,"column":0},"end":{"line":166,"column":36}},"166":{"start":{"line":167,"column":0},"end":{"line":167,"column":49}},"167":{"start":{"line":168,"column":0},"end":{"line":168,"column":92}},"168":{"start":{"line":169,"column":0},"end":{"line":169,"column":31}},"169":{"start":{"line":170,"column":0},"end":{"line":170,"column":65}},"170":{"start":{"line":171,"column":0},"end":{"line":171,"column":22}},"171":{"start":{"line":172,"column":0},"end":{"line":172,"column":58}},"172":{"start":{"line":173,"column":0},"end":{"line":173,"column":25}},"173":{"start":{"line":174,"column":0},"end":{"line":174,"column":30}},"174":{"start":{"line":175,"column":0},"end":{"line":175,"column":27}},"175":{"start":{"line":176,"column":0},"end":{"line":176,"column":12}},"176":{"start":{"line":177,"column":0},"end":{"line":177,"column":173}},"177":{"start":{"line":178,"column":0},"end":{"line":178,"column":161}},"178":{"start":{"line":179,"column":0},"end":{"line":179,"column":144}},"179":{"start":{"line":180,"column":0},"end":{"line":180,"column":139}},"180":{"start":{"line":181,"column":0},"end":{"line":181,"column":172}},"182":{"start":{"line":183,"column":0},"end":{"line":183,"column":4}},"183":{"start":{"line":184,"column":0},"end":{"line":184,"column":3}},"184":{"start":{"line":185,"column":0},"end":{"line":185,"column":31}},"185":{"start":{"line":186,"column":0},"end":{"line":186,"column":46}},"186":{"start":{"line":187,"column":0},"end":{"line":187,"column":106}},"187":{"start":{"line":188,"column":0},"end":{"line":188,"column":31}},"188":{"start":{"line":189,"column":0},"end":{"line":189,"column":64}},"189":{"start":{"line":190,"column":0},"end":{"line":190,"column":22}},"190":{"start":{"line":191,"column":0},"end":{"line":191,"column":25}},"191":{"start":{"line":192,"column":0},"end":{"line":192,"column":30}},"192":{"start":{"line":193,"column":0},"end":{"line":193,"column":27}},"193":{"start":{"line":194,"column":0},"end":{"line":194,"column":12}},"194":{"start":{"line":195,"column":0},"end":{"line":195,"column":162}},"195":{"start":{"line":196,"column":0},"end":{"line":196,"column":152}},"196":{"start":{"line":197,"column":0},"end":{"line":197,"column":153}},"197":{"start":{"line":198,"column":0},"end":{"line":198,"column":162}},"198":{"start":{"line":199,"column":0},"end":{"line":199,"column":149}},"200":{"start":{"line":201,"column":0},"end":{"line":201,"column":4}},"201":{"start":{"line":202,"column":0},"end":{"line":202,"column":3}},"202":{"start":{"line":203,"column":0},"end":{"line":203,"column":30}},"203":{"start":{"line":204,"column":0},"end":{"line":204,"column":43}},"204":{"start":{"line":205,"column":0},"end":{"line":205,"column":100}},"205":{"start":{"line":206,"column":0},"end":{"line":206,"column":31}},"206":{"start":{"line":207,"column":0},"end":{"line":207,"column":51}},"207":{"start":{"line":208,"column":0},"end":{"line":208,"column":22}},"208":{"start":{"line":209,"column":0},"end":{"line":209,"column":25}},"209":{"start":{"line":210,"column":0},"end":{"line":210,"column":30}},"210":{"start":{"line":211,"column":0},"end":{"line":211,"column":27}},"211":{"start":{"line":212,"column":0},"end":{"line":212,"column":12}},"212":{"start":{"line":213,"column":0},"end":{"line":213,"column":142}},"213":{"start":{"line":214,"column":0},"end":{"line":214,"column":149}},"214":{"start":{"line":215,"column":0},"end":{"line":215,"column":157}},"215":{"start":{"line":216,"column":0},"end":{"line":216,"column":158}},"216":{"start":{"line":217,"column":0},"end":{"line":217,"column":169}},"218":{"start":{"line":219,"column":0},"end":{"line":219,"column":4}},"219":{"start":{"line":220,"column":0},"end":{"line":220,"column":3}},"220":{"start":{"line":221,"column":0},"end":{"line":221,"column":34}},"221":{"start":{"line":222,"column":0},"end":{"line":222,"column":47}},"222":{"start":{"line":223,"column":0},"end":{"line":223,"column":91}},"223":{"start":{"line":224,"column":0},"end":{"line":224,"column":31}},"224":{"start":{"line":225,"column":0},"end":{"line":225,"column":61}},"225":{"start":{"line":226,"column":0},"end":{"line":226,"column":22}},"226":{"start":{"line":227,"column":0},"end":{"line":227,"column":25}},"227":{"start":{"line":228,"column":0},"end":{"line":228,"column":30}},"228":{"start":{"line":229,"column":0},"end":{"line":229,"column":27}},"229":{"start":{"line":230,"column":0},"end":{"line":230,"column":12}},"230":{"start":{"line":231,"column":0},"end":{"line":231,"column":140}},"231":{"start":{"line":232,"column":0},"end":{"line":232,"column":156}},"232":{"start":{"line":233,"column":0},"end":{"line":233,"column":150}},"233":{"start":{"line":234,"column":0},"end":{"line":234,"column":142}},"234":{"start":{"line":235,"column":0},"end":{"line":235,"column":158}},"236":{"start":{"line":237,"column":0},"end":{"line":237,"column":4}},"237":{"start":{"line":238,"column":0},"end":{"line":238,"column":3}},"238":{"start":{"line":239,"column":0},"end":{"line":239,"column":37}},"239":{"start":{"line":240,"column":0},"end":{"line":240,"column":56}},"240":{"start":{"line":241,"column":0},"end":{"line":241,"column":86}},"241":{"start":{"line":242,"column":0},"end":{"line":242,"column":31}},"242":{"start":{"line":243,"column":0},"end":{"line":243,"column":66}},"243":{"start":{"line":244,"column":0},"end":{"line":244,"column":22}},"244":{"start":{"line":245,"column":0},"end":{"line":245,"column":26}},"245":{"start":{"line":246,"column":0},"end":{"line":246,"column":30}},"246":{"start":{"line":247,"column":0},"end":{"line":247,"column":27}},"247":{"start":{"line":248,"column":0},"end":{"line":248,"column":12}},"248":{"start":{"line":249,"column":0},"end":{"line":249,"column":124}},"249":{"start":{"line":250,"column":0},"end":{"line":250,"column":130}},"250":{"start":{"line":251,"column":0},"end":{"line":251,"column":134}},"251":{"start":{"line":252,"column":0},"end":{"line":252,"column":136}},"252":{"start":{"line":253,"column":0},"end":{"line":253,"column":139}},"254":{"start":{"line":255,"column":0},"end":{"line":255,"column":4}},"255":{"start":{"line":256,"column":0},"end":{"line":256,"column":3}},"256":{"start":{"line":257,"column":0},"end":{"line":257,"column":38}},"257":{"start":{"line":258,"column":0},"end":{"line":258,"column":56}},"258":{"start":{"line":259,"column":0},"end":{"line":259,"column":86}},"259":{"start":{"line":260,"column":0},"end":{"line":260,"column":31}},"260":{"start":{"line":261,"column":0},"end":{"line":261,"column":59}},"261":{"start":{"line":262,"column":0},"end":{"line":262,"column":22}},"262":{"start":{"line":263,"column":0},"end":{"line":263,"column":25}},"263":{"start":{"line":264,"column":0},"end":{"line":264,"column":30}},"264":{"start":{"line":265,"column":0},"end":{"line":265,"column":27}},"265":{"start":{"line":266,"column":0},"end":{"line":266,"column":12}},"266":{"start":{"line":267,"column":0},"end":{"line":267,"column":157}},"267":{"start":{"line":268,"column":0},"end":{"line":268,"column":141}},"268":{"start":{"line":269,"column":0},"end":{"line":269,"column":151}},"269":{"start":{"line":270,"column":0},"end":{"line":270,"column":145}},"271":{"start":{"line":272,"column":0},"end":{"line":272,"column":4}},"272":{"start":{"line":273,"column":0},"end":{"line":273,"column":3}},"273":{"start":{"line":274,"column":0},"end":{"line":274,"column":34}},"274":{"start":{"line":275,"column":0},"end":{"line":275,"column":45}},"275":{"start":{"line":276,"column":0},"end":{"line":276,"column":85}},"276":{"start":{"line":277,"column":0},"end":{"line":277,"column":31}},"277":{"start":{"line":278,"column":0},"end":{"line":278,"column":53}},"278":{"start":{"line":279,"column":0},"end":{"line":279,"column":22}},"279":{"start":{"line":280,"column":0},"end":{"line":280,"column":25}},"280":{"start":{"line":281,"column":0},"end":{"line":281,"column":30}},"281":{"start":{"line":282,"column":0},"end":{"line":282,"column":27}},"282":{"start":{"line":283,"column":0},"end":{"line":283,"column":12}},"283":{"start":{"line":284,"column":0},"end":{"line":284,"column":153}},"284":{"start":{"line":285,"column":0},"end":{"line":285,"column":162}},"285":{"start":{"line":286,"column":0},"end":{"line":286,"column":149}},"286":{"start":{"line":287,"column":0},"end":{"line":287,"column":145}},"288":{"start":{"line":289,"column":0},"end":{"line":289,"column":4}},"289":{"start":{"line":290,"column":0},"end":{"line":290,"column":3}},"290":{"start":{"line":291,"column":0},"end":{"line":291,"column":31}},"291":{"start":{"line":292,"column":0},"end":{"line":292,"column":47}},"292":{"start":{"line":293,"column":0},"end":{"line":293,"column":107}},"293":{"start":{"line":294,"column":0},"end":{"line":294,"column":31}},"294":{"start":{"line":295,"column":0},"end":{"line":295,"column":65}},"295":{"start":{"line":296,"column":0},"end":{"line":296,"column":22}},"296":{"start":{"line":297,"column":0},"end":{"line":297,"column":25}},"297":{"start":{"line":298,"column":0},"end":{"line":298,"column":30}},"298":{"start":{"line":299,"column":0},"end":{"line":299,"column":27}},"299":{"start":{"line":300,"column":0},"end":{"line":300,"column":12}},"300":{"start":{"line":301,"column":0},"end":{"line":301,"column":143}},"301":{"start":{"line":302,"column":0},"end":{"line":302,"column":151}},"302":{"start":{"line":303,"column":0},"end":{"line":303,"column":159}},"303":{"start":{"line":304,"column":0},"end":{"line":304,"column":136}},"304":{"start":{"line":305,"column":0},"end":{"line":305,"column":133}},"306":{"start":{"line":307,"column":0},"end":{"line":307,"column":4}},"307":{"start":{"line":308,"column":0},"end":{"line":308,"column":3}},"308":{"start":{"line":309,"column":0},"end":{"line":309,"column":35}},"309":{"start":{"line":310,"column":0},"end":{"line":310,"column":46}},"310":{"start":{"line":311,"column":0},"end":{"line":311,"column":105}},"311":{"start":{"line":312,"column":0},"end":{"line":312,"column":31}},"312":{"start":{"line":313,"column":0},"end":{"line":313,"column":58}},"313":{"start":{"line":314,"column":0},"end":{"line":314,"column":22}},"314":{"start":{"line":315,"column":0},"end":{"line":315,"column":26}},"315":{"start":{"line":316,"column":0},"end":{"line":316,"column":30}},"316":{"start":{"line":317,"column":0},"end":{"line":317,"column":27}},"317":{"start":{"line":318,"column":0},"end":{"line":318,"column":12}},"318":{"start":{"line":319,"column":0},"end":{"line":319,"column":137}},"319":{"start":{"line":320,"column":0},"end":{"line":320,"column":174}},"320":{"start":{"line":321,"column":0},"end":{"line":321,"column":145}},"321":{"start":{"line":322,"column":0},"end":{"line":322,"column":152}},"322":{"start":{"line":323,"column":0},"end":{"line":323,"column":155}},"324":{"start":{"line":325,"column":0},"end":{"line":325,"column":4}},"325":{"start":{"line":326,"column":0},"end":{"line":326,"column":3}},"326":{"start":{"line":327,"column":0},"end":{"line":327,"column":32}},"327":{"start":{"line":328,"column":0},"end":{"line":328,"column":44}},"328":{"start":{"line":329,"column":0},"end":{"line":329,"column":89}},"329":{"start":{"line":330,"column":0},"end":{"line":330,"column":31}},"330":{"start":{"line":331,"column":0},"end":{"line":331,"column":61}},"331":{"start":{"line":332,"column":0},"end":{"line":332,"column":22}},"332":{"start":{"line":333,"column":0},"end":{"line":333,"column":26}},"333":{"start":{"line":334,"column":0},"end":{"line":334,"column":30}},"334":{"start":{"line":335,"column":0},"end":{"line":335,"column":27}},"335":{"start":{"line":336,"column":0},"end":{"line":336,"column":12}},"336":{"start":{"line":337,"column":0},"end":{"line":337,"column":151}},"337":{"start":{"line":338,"column":0},"end":{"line":338,"column":123}},"338":{"start":{"line":339,"column":0},"end":{"line":339,"column":148}},"339":{"start":{"line":340,"column":0},"end":{"line":340,"column":144}},"340":{"start":{"line":341,"column":0},"end":{"line":341,"column":156}},"342":{"start":{"line":343,"column":0},"end":{"line":343,"column":4}},"343":{"start":{"line":344,"column":0},"end":{"line":344,"column":3}},"344":{"start":{"line":345,"column":0},"end":{"line":345,"column":31}},"345":{"start":{"line":346,"column":0},"end":{"line":346,"column":36}},"346":{"start":{"line":347,"column":0},"end":{"line":347,"column":105}},"347":{"start":{"line":348,"column":0},"end":{"line":348,"column":31}},"348":{"start":{"line":349,"column":0},"end":{"line":349,"column":64}},"349":{"start":{"line":350,"column":0},"end":{"line":350,"column":22}},"350":{"start":{"line":351,"column":0},"end":{"line":351,"column":25}},"351":{"start":{"line":352,"column":0},"end":{"line":352,"column":30}},"352":{"start":{"line":353,"column":0},"end":{"line":353,"column":27}},"353":{"start":{"line":354,"column":0},"end":{"line":354,"column":12}},"354":{"start":{"line":355,"column":0},"end":{"line":355,"column":131}},"355":{"start":{"line":356,"column":0},"end":{"line":356,"column":124}},"356":{"start":{"line":357,"column":0},"end":{"line":357,"column":245}},"357":{"start":{"line":358,"column":0},"end":{"line":358,"column":259}},"359":{"start":{"line":360,"column":0},"end":{"line":360,"column":4}},"360":{"start":{"line":361,"column":0},"end":{"line":361,"column":3}},"361":{"start":{"line":362,"column":0},"end":{"line":362,"column":35}},"362":{"start":{"line":363,"column":0},"end":{"line":363,"column":46}},"363":{"start":{"line":364,"column":0},"end":{"line":364,"column":94}},"364":{"start":{"line":365,"column":0},"end":{"line":365,"column":31}},"365":{"start":{"line":366,"column":0},"end":{"line":366,"column":59}},"366":{"start":{"line":367,"column":0},"end":{"line":367,"column":22}},"367":{"start":{"line":368,"column":0},"end":{"line":368,"column":25}},"368":{"start":{"line":369,"column":0},"end":{"line":369,"column":30}},"369":{"start":{"line":370,"column":0},"end":{"line":370,"column":27}},"370":{"start":{"line":371,"column":0},"end":{"line":371,"column":12}},"371":{"start":{"line":372,"column":0},"end":{"line":372,"column":147}},"372":{"start":{"line":373,"column":0},"end":{"line":373,"column":242}},"373":{"start":{"line":374,"column":0},"end":{"line":374,"column":159}},"374":{"start":{"line":375,"column":0},"end":{"line":375,"column":155}},"375":{"start":{"line":376,"column":0},"end":{"line":376,"column":404}},"377":{"start":{"line":378,"column":0},"end":{"line":378,"column":4}},"378":{"start":{"line":379,"column":0},"end":{"line":379,"column":3}},"379":{"start":{"line":380,"column":0},"end":{"line":380,"column":37}},"380":{"start":{"line":381,"column":0},"end":{"line":381,"column":49}},"381":{"start":{"line":382,"column":0},"end":{"line":382,"column":89}},"382":{"start":{"line":383,"column":0},"end":{"line":383,"column":31}},"383":{"start":{"line":384,"column":0},"end":{"line":384,"column":51}},"384":{"start":{"line":385,"column":0},"end":{"line":385,"column":22}},"385":{"start":{"line":386,"column":0},"end":{"line":386,"column":25}},"386":{"start":{"line":387,"column":0},"end":{"line":387,"column":30}},"387":{"start":{"line":388,"column":0},"end":{"line":388,"column":27}},"388":{"start":{"line":389,"column":0},"end":{"line":389,"column":12}},"389":{"start":{"line":390,"column":0},"end":{"line":390,"column":133}},"390":{"start":{"line":391,"column":0},"end":{"line":391,"column":231}},"391":{"start":{"line":392,"column":0},"end":{"line":392,"column":294}},"392":{"start":{"line":393,"column":0},"end":{"line":393,"column":139}},"393":{"start":{"line":394,"column":0},"end":{"line":394,"column":142}},"395":{"start":{"line":396,"column":0},"end":{"line":396,"column":4}},"396":{"start":{"line":397,"column":0},"end":{"line":397,"column":3}},"397":{"start":{"line":398,"column":0},"end":{"line":398,"column":33}},"398":{"start":{"line":399,"column":0},"end":{"line":399,"column":42}},"399":{"start":{"line":400,"column":0},"end":{"line":400,"column":88}},"400":{"start":{"line":401,"column":0},"end":{"line":401,"column":31}},"401":{"start":{"line":402,"column":0},"end":{"line":402,"column":63}},"402":{"start":{"line":403,"column":0},"end":{"line":403,"column":22}},"403":{"start":{"line":404,"column":0},"end":{"line":404,"column":25}},"404":{"start":{"line":405,"column":0},"end":{"line":405,"column":30}},"405":{"start":{"line":406,"column":0},"end":{"line":406,"column":27}},"406":{"start":{"line":407,"column":0},"end":{"line":407,"column":12}},"407":{"start":{"line":408,"column":0},"end":{"line":408,"column":123}},"408":{"start":{"line":409,"column":0},"end":{"line":409,"column":260}},"409":{"start":{"line":410,"column":0},"end":{"line":410,"column":154}},"410":{"start":{"line":411,"column":0},"end":{"line":411,"column":150}},"411":{"start":{"line":412,"column":0},"end":{"line":412,"column":278}},"413":{"start":{"line":414,"column":0},"end":{"line":414,"column":4}},"414":{"start":{"line":415,"column":0},"end":{"line":415,"column":3}},"415":{"start":{"line":416,"column":0},"end":{"line":416,"column":41}},"416":{"start":{"line":417,"column":0},"end":{"line":417,"column":52}},"417":{"start":{"line":418,"column":0},"end":{"line":418,"column":85}},"418":{"start":{"line":419,"column":0},"end":{"line":419,"column":31}},"419":{"start":{"line":420,"column":0},"end":{"line":420,"column":70}},"420":{"start":{"line":421,"column":0},"end":{"line":421,"column":22}},"421":{"start":{"line":422,"column":0},"end":{"line":422,"column":26}},"422":{"start":{"line":423,"column":0},"end":{"line":423,"column":30}},"423":{"start":{"line":424,"column":0},"end":{"line":424,"column":27}},"424":{"start":{"line":425,"column":0},"end":{"line":425,"column":12}},"425":{"start":{"line":426,"column":0},"end":{"line":426,"column":143}},"426":{"start":{"line":427,"column":0},"end":{"line":427,"column":129}},"427":{"start":{"line":428,"column":0},"end":{"line":428,"column":140}},"428":{"start":{"line":429,"column":0},"end":{"line":429,"column":156}},"429":{"start":{"line":430,"column":0},"end":{"line":430,"column":153}},"431":{"start":{"line":432,"column":0},"end":{"line":432,"column":4}},"432":{"start":{"line":433,"column":0},"end":{"line":433,"column":3}},"433":{"start":{"line":434,"column":0},"end":{"line":434,"column":35}},"434":{"start":{"line":435,"column":0},"end":{"line":435,"column":48}},"435":{"start":{"line":436,"column":0},"end":{"line":436,"column":85}},"436":{"start":{"line":437,"column":0},"end":{"line":437,"column":31}},"437":{"start":{"line":438,"column":0},"end":{"line":438,"column":59}},"438":{"start":{"line":439,"column":0},"end":{"line":439,"column":22}},"439":{"start":{"line":440,"column":0},"end":{"line":440,"column":26}},"440":{"start":{"line":441,"column":0},"end":{"line":441,"column":30}},"441":{"start":{"line":442,"column":0},"end":{"line":442,"column":27}},"442":{"start":{"line":443,"column":0},"end":{"line":443,"column":12}},"443":{"start":{"line":444,"column":0},"end":{"line":444,"column":145}},"444":{"start":{"line":445,"column":0},"end":{"line":445,"column":136}},"445":{"start":{"line":446,"column":0},"end":{"line":446,"column":135}},"446":{"start":{"line":447,"column":0},"end":{"line":447,"column":142}},"447":{"start":{"line":448,"column":0},"end":{"line":448,"column":134}},"449":{"start":{"line":450,"column":0},"end":{"line":450,"column":4}},"451":{"start":{"line":452,"column":0},"end":{"line":452,"column":25}},"452":{"start":{"line":453,"column":0},"end":{"line":453,"column":3}},"453":{"start":{"line":454,"column":0},"end":{"line":454,"column":38}},"454":{"start":{"line":455,"column":0},"end":{"line":455,"column":53}},"455":{"start":{"line":456,"column":0},"end":{"line":456,"column":95}},"456":{"start":{"line":457,"column":0},"end":{"line":457,"column":31}},"457":{"start":{"line":458,"column":0},"end":{"line":458,"column":66}},"458":{"start":{"line":459,"column":0},"end":{"line":459,"column":22}},"459":{"start":{"line":460,"column":0},"end":{"line":460,"column":25}},"460":{"start":{"line":461,"column":0},"end":{"line":461,"column":30}},"461":{"start":{"line":462,"column":0},"end":{"line":462,"column":31}},"462":{"start":{"line":463,"column":0},"end":{"line":463,"column":12}},"463":{"start":{"line":464,"column":0},"end":{"line":464,"column":144}},"464":{"start":{"line":465,"column":0},"end":{"line":465,"column":131}},"465":{"start":{"line":466,"column":0},"end":{"line":466,"column":141}},"466":{"start":{"line":467,"column":0},"end":{"line":467,"column":174}},"467":{"start":{"line":468,"column":0},"end":{"line":468,"column":144}},"469":{"start":{"line":470,"column":0},"end":{"line":470,"column":4}},"470":{"start":{"line":471,"column":0},"end":{"line":471,"column":3}},"471":{"start":{"line":472,"column":0},"end":{"line":472,"column":38}},"472":{"start":{"line":473,"column":0},"end":{"line":473,"column":38}},"473":{"start":{"line":474,"column":0},"end":{"line":474,"column":98}},"474":{"start":{"line":475,"column":0},"end":{"line":475,"column":31}},"475":{"start":{"line":476,"column":0},"end":{"line":476,"column":64}},"476":{"start":{"line":477,"column":0},"end":{"line":477,"column":22}},"477":{"start":{"line":478,"column":0},"end":{"line":478,"column":25}},"478":{"start":{"line":479,"column":0},"end":{"line":479,"column":30}},"479":{"start":{"line":480,"column":0},"end":{"line":480,"column":31}},"480":{"start":{"line":481,"column":0},"end":{"line":481,"column":12}},"481":{"start":{"line":482,"column":0},"end":{"line":482,"column":125}},"482":{"start":{"line":483,"column":0},"end":{"line":483,"column":150}},"483":{"start":{"line":484,"column":0},"end":{"line":484,"column":135}},"484":{"start":{"line":485,"column":0},"end":{"line":485,"column":146}},"485":{"start":{"line":486,"column":0},"end":{"line":486,"column":139}},"486":{"start":{"line":487,"column":0},"end":{"line":487,"column":137}},"488":{"start":{"line":489,"column":0},"end":{"line":489,"column":4}},"489":{"start":{"line":490,"column":0},"end":{"line":490,"column":3}},"490":{"start":{"line":491,"column":0},"end":{"line":491,"column":32}},"491":{"start":{"line":492,"column":0},"end":{"line":492,"column":60}},"492":{"start":{"line":493,"column":0},"end":{"line":493,"column":97}},"493":{"start":{"line":494,"column":0},"end":{"line":494,"column":31}},"494":{"start":{"line":495,"column":0},"end":{"line":495,"column":81}},"495":{"start":{"line":496,"column":0},"end":{"line":496,"column":22}},"496":{"start":{"line":497,"column":0},"end":{"line":497,"column":25}},"497":{"start":{"line":498,"column":0},"end":{"line":498,"column":30}},"498":{"start":{"line":499,"column":0},"end":{"line":499,"column":31}},"499":{"start":{"line":500,"column":0},"end":{"line":500,"column":12}},"500":{"start":{"line":501,"column":0},"end":{"line":501,"column":137}},"501":{"start":{"line":502,"column":0},"end":{"line":502,"column":274}},"502":{"start":{"line":503,"column":0},"end":{"line":503,"column":146}},"503":{"start":{"line":504,"column":0},"end":{"line":504,"column":280}},"504":{"start":{"line":505,"column":0},"end":{"line":505,"column":137}},"506":{"start":{"line":507,"column":0},"end":{"line":507,"column":4}},"507":{"start":{"line":508,"column":0},"end":{"line":508,"column":3}},"508":{"start":{"line":509,"column":0},"end":{"line":509,"column":38}},"509":{"start":{"line":510,"column":0},"end":{"line":510,"column":61}},"510":{"start":{"line":511,"column":0},"end":{"line":511,"column":98}},"511":{"start":{"line":512,"column":0},"end":{"line":512,"column":31}},"512":{"start":{"line":513,"column":0},"end":{"line":513,"column":62}},"513":{"start":{"line":514,"column":0},"end":{"line":514,"column":22}},"514":{"start":{"line":515,"column":0},"end":{"line":515,"column":25}},"515":{"start":{"line":516,"column":0},"end":{"line":516,"column":30}},"516":{"start":{"line":517,"column":0},"end":{"line":517,"column":31}},"517":{"start":{"line":518,"column":0},"end":{"line":518,"column":12}},"518":{"start":{"line":519,"column":0},"end":{"line":519,"column":151}},"519":{"start":{"line":520,"column":0},"end":{"line":520,"column":272}},"520":{"start":{"line":521,"column":0},"end":{"line":521,"column":148}},"521":{"start":{"line":522,"column":0},"end":{"line":522,"column":238}},"522":{"start":{"line":523,"column":0},"end":{"line":523,"column":327}},"524":{"start":{"line":525,"column":0},"end":{"line":525,"column":4}},"525":{"start":{"line":526,"column":0},"end":{"line":526,"column":3}},"526":{"start":{"line":527,"column":0},"end":{"line":527,"column":35}},"527":{"start":{"line":528,"column":0},"end":{"line":528,"column":50}},"528":{"start":{"line":529,"column":0},"end":{"line":529,"column":97}},"529":{"start":{"line":530,"column":0},"end":{"line":530,"column":31}},"530":{"start":{"line":531,"column":0},"end":{"line":531,"column":64}},"531":{"start":{"line":532,"column":0},"end":{"line":532,"column":22}},"532":{"start":{"line":533,"column":0},"end":{"line":533,"column":25}},"533":{"start":{"line":534,"column":0},"end":{"line":534,"column":30}},"534":{"start":{"line":535,"column":0},"end":{"line":535,"column":31}},"535":{"start":{"line":536,"column":0},"end":{"line":536,"column":12}},"536":{"start":{"line":537,"column":0},"end":{"line":537,"column":160}},"537":{"start":{"line":538,"column":0},"end":{"line":538,"column":135}},"538":{"start":{"line":539,"column":0},"end":{"line":539,"column":147}},"539":{"start":{"line":540,"column":0},"end":{"line":540,"column":170}},"541":{"start":{"line":542,"column":0},"end":{"line":542,"column":4}},"542":{"start":{"line":543,"column":0},"end":{"line":543,"column":3}},"543":{"start":{"line":544,"column":0},"end":{"line":544,"column":39}},"544":{"start":{"line":545,"column":0},"end":{"line":545,"column":50}},"545":{"start":{"line":546,"column":0},"end":{"line":546,"column":99}},"546":{"start":{"line":547,"column":0},"end":{"line":547,"column":31}},"547":{"start":{"line":548,"column":0},"end":{"line":548,"column":72}},"548":{"start":{"line":549,"column":0},"end":{"line":549,"column":22}},"549":{"start":{"line":550,"column":0},"end":{"line":550,"column":24}},"550":{"start":{"line":551,"column":0},"end":{"line":551,"column":30}},"551":{"start":{"line":552,"column":0},"end":{"line":552,"column":31}},"552":{"start":{"line":553,"column":0},"end":{"line":553,"column":12}},"553":{"start":{"line":554,"column":0},"end":{"line":554,"column":153}},"554":{"start":{"line":555,"column":0},"end":{"line":555,"column":141}},"555":{"start":{"line":556,"column":0},"end":{"line":556,"column":137}},"556":{"start":{"line":557,"column":0},"end":{"line":557,"column":146}},"558":{"start":{"line":559,"column":0},"end":{"line":559,"column":4}},"559":{"start":{"line":560,"column":0},"end":{"line":560,"column":3}},"560":{"start":{"line":561,"column":0},"end":{"line":561,"column":38}},"561":{"start":{"line":562,"column":0},"end":{"line":562,"column":53}},"562":{"start":{"line":563,"column":0},"end":{"line":563,"column":95}},"563":{"start":{"line":564,"column":0},"end":{"line":564,"column":31}},"564":{"start":{"line":565,"column":0},"end":{"line":565,"column":69}},"565":{"start":{"line":566,"column":0},"end":{"line":566,"column":22}},"566":{"start":{"line":567,"column":0},"end":{"line":567,"column":25}},"567":{"start":{"line":568,"column":0},"end":{"line":568,"column":30}},"568":{"start":{"line":569,"column":0},"end":{"line":569,"column":31}},"569":{"start":{"line":570,"column":0},"end":{"line":570,"column":12}},"570":{"start":{"line":571,"column":0},"end":{"line":571,"column":140}},"571":{"start":{"line":572,"column":0},"end":{"line":572,"column":149}},"572":{"start":{"line":573,"column":0},"end":{"line":573,"column":154}},"573":{"start":{"line":574,"column":0},"end":{"line":574,"column":159}},"574":{"start":{"line":575,"column":0},"end":{"line":575,"column":135}},"576":{"start":{"line":577,"column":0},"end":{"line":577,"column":4}},"577":{"start":{"line":578,"column":0},"end":{"line":578,"column":3}},"578":{"start":{"line":579,"column":0},"end":{"line":579,"column":27}},"579":{"start":{"line":580,"column":0},"end":{"line":580,"column":58}},"580":{"start":{"line":581,"column":0},"end":{"line":581,"column":35}},"581":{"start":{"line":582,"column":0},"end":{"line":582,"column":98}},"582":{"start":{"line":583,"column":0},"end":{"line":583,"column":31}},"583":{"start":{"line":584,"column":0},"end":{"line":584,"column":61}},"584":{"start":{"line":585,"column":0},"end":{"line":585,"column":22}},"585":{"start":{"line":586,"column":0},"end":{"line":586,"column":25}},"586":{"start":{"line":587,"column":0},"end":{"line":587,"column":30}},"587":{"start":{"line":588,"column":0},"end":{"line":588,"column":31}},"588":{"start":{"line":589,"column":0},"end":{"line":589,"column":12}},"589":{"start":{"line":590,"column":0},"end":{"line":590,"column":115}},"590":{"start":{"line":591,"column":0},"end":{"line":591,"column":240}},"591":{"start":{"line":592,"column":0},"end":{"line":592,"column":292}},"592":{"start":{"line":593,"column":0},"end":{"line":593,"column":269}},"593":{"start":{"line":594,"column":0},"end":{"line":594,"column":337}},"595":{"start":{"line":596,"column":0},"end":{"line":596,"column":4}},"596":{"start":{"line":597,"column":0},"end":{"line":597,"column":3}},"597":{"start":{"line":598,"column":0},"end":{"line":598,"column":41}},"598":{"start":{"line":599,"column":0},"end":{"line":599,"column":52}},"599":{"start":{"line":600,"column":0},"end":{"line":600,"column":90}},"600":{"start":{"line":601,"column":0},"end":{"line":601,"column":31}},"601":{"start":{"line":602,"column":0},"end":{"line":602,"column":67}},"602":{"start":{"line":603,"column":0},"end":{"line":603,"column":22}},"603":{"start":{"line":604,"column":0},"end":{"line":604,"column":25}},"604":{"start":{"line":605,"column":0},"end":{"line":605,"column":30}},"605":{"start":{"line":606,"column":0},"end":{"line":606,"column":31}},"606":{"start":{"line":607,"column":0},"end":{"line":607,"column":12}},"607":{"start":{"line":608,"column":0},"end":{"line":608,"column":138}},"608":{"start":{"line":609,"column":0},"end":{"line":609,"column":155}},"609":{"start":{"line":610,"column":0},"end":{"line":610,"column":156}},"610":{"start":{"line":611,"column":0},"end":{"line":611,"column":151}},"612":{"start":{"line":613,"column":0},"end":{"line":613,"column":4}},"613":{"start":{"line":614,"column":0},"end":{"line":614,"column":3}},"614":{"start":{"line":615,"column":0},"end":{"line":615,"column":44}},"615":{"start":{"line":616,"column":0},"end":{"line":616,"column":55}},"616":{"start":{"line":617,"column":0},"end":{"line":617,"column":91}},"617":{"start":{"line":618,"column":0},"end":{"line":618,"column":31}},"618":{"start":{"line":619,"column":0},"end":{"line":619,"column":64}},"619":{"start":{"line":620,"column":0},"end":{"line":620,"column":22}},"620":{"start":{"line":621,"column":0},"end":{"line":621,"column":25}},"621":{"start":{"line":622,"column":0},"end":{"line":622,"column":30}},"622":{"start":{"line":623,"column":0},"end":{"line":623,"column":31}},"623":{"start":{"line":624,"column":0},"end":{"line":624,"column":12}},"624":{"start":{"line":625,"column":0},"end":{"line":625,"column":101}},"625":{"start":{"line":626,"column":0},"end":{"line":626,"column":128}},"626":{"start":{"line":627,"column":0},"end":{"line":627,"column":251}},"627":{"start":{"line":628,"column":0},"end":{"line":628,"column":349}},"628":{"start":{"line":629,"column":0},"end":{"line":629,"column":120}},"630":{"start":{"line":631,"column":0},"end":{"line":631,"column":4}},"631":{"start":{"line":632,"column":0},"end":{"line":632,"column":3}},"632":{"start":{"line":633,"column":0},"end":{"line":633,"column":47}},"633":{"start":{"line":634,"column":0},"end":{"line":634,"column":62}},"634":{"start":{"line":635,"column":0},"end":{"line":635,"column":75}},"635":{"start":{"line":636,"column":0},"end":{"line":636,"column":31}},"636":{"start":{"line":637,"column":0},"end":{"line":637,"column":74}},"637":{"start":{"line":638,"column":0},"end":{"line":638,"column":22}},"638":{"start":{"line":639,"column":0},"end":{"line":639,"column":25}},"639":{"start":{"line":640,"column":0},"end":{"line":640,"column":30}},"640":{"start":{"line":641,"column":0},"end":{"line":641,"column":31}},"641":{"start":{"line":642,"column":0},"end":{"line":642,"column":12}},"642":{"start":{"line":643,"column":0},"end":{"line":643,"column":146}},"643":{"start":{"line":644,"column":0},"end":{"line":644,"column":307}},"644":{"start":{"line":645,"column":0},"end":{"line":645,"column":282}},"645":{"start":{"line":646,"column":0},"end":{"line":646,"column":146}},"646":{"start":{"line":647,"column":0},"end":{"line":647,"column":133}},"648":{"start":{"line":649,"column":0},"end":{"line":649,"column":4}},"649":{"start":{"line":650,"column":0},"end":{"line":650,"column":3}},"650":{"start":{"line":651,"column":0},"end":{"line":651,"column":45}},"651":{"start":{"line":652,"column":0},"end":{"line":652,"column":59}},"652":{"start":{"line":653,"column":0},"end":{"line":653,"column":99}},"653":{"start":{"line":654,"column":0},"end":{"line":654,"column":31}},"654":{"start":{"line":655,"column":0},"end":{"line":655,"column":76}},"655":{"start":{"line":656,"column":0},"end":{"line":656,"column":22}},"656":{"start":{"line":657,"column":0},"end":{"line":657,"column":26}},"657":{"start":{"line":658,"column":0},"end":{"line":658,"column":30}},"658":{"start":{"line":659,"column":0},"end":{"line":659,"column":31}},"659":{"start":{"line":660,"column":0},"end":{"line":660,"column":12}},"660":{"start":{"line":661,"column":0},"end":{"line":661,"column":132}},"661":{"start":{"line":662,"column":0},"end":{"line":662,"column":144}},"662":{"start":{"line":663,"column":0},"end":{"line":663,"column":150}},"663":{"start":{"line":664,"column":0},"end":{"line":664,"column":147}},"664":{"start":{"line":665,"column":0},"end":{"line":665,"column":138}},"666":{"start":{"line":667,"column":0},"end":{"line":667,"column":4}},"667":{"start":{"line":668,"column":0},"end":{"line":668,"column":3}},"668":{"start":{"line":669,"column":0},"end":{"line":669,"column":32}},"669":{"start":{"line":670,"column":0},"end":{"line":670,"column":43}},"670":{"start":{"line":671,"column":0},"end":{"line":671,"column":95}},"671":{"start":{"line":672,"column":0},"end":{"line":672,"column":31}},"672":{"start":{"line":673,"column":0},"end":{"line":673,"column":65}},"673":{"start":{"line":674,"column":0},"end":{"line":674,"column":22}},"674":{"start":{"line":675,"column":0},"end":{"line":675,"column":25}},"675":{"start":{"line":676,"column":0},"end":{"line":676,"column":30}},"676":{"start":{"line":677,"column":0},"end":{"line":677,"column":31}},"677":{"start":{"line":678,"column":0},"end":{"line":678,"column":12}},"678":{"start":{"line":679,"column":0},"end":{"line":679,"column":146}},"679":{"start":{"line":680,"column":0},"end":{"line":680,"column":133}},"680":{"start":{"line":681,"column":0},"end":{"line":681,"column":289}},"681":{"start":{"line":682,"column":0},"end":{"line":682,"column":287}},"683":{"start":{"line":684,"column":0},"end":{"line":684,"column":4}},"684":{"start":{"line":685,"column":0},"end":{"line":685,"column":3}},"685":{"start":{"line":686,"column":0},"end":{"line":686,"column":38}},"686":{"start":{"line":687,"column":0},"end":{"line":687,"column":58}},"687":{"start":{"line":688,"column":0},"end":{"line":688,"column":93}},"688":{"start":{"line":689,"column":0},"end":{"line":689,"column":31}},"689":{"start":{"line":690,"column":0},"end":{"line":690,"column":73}},"690":{"start":{"line":691,"column":0},"end":{"line":691,"column":22}},"691":{"start":{"line":692,"column":0},"end":{"line":692,"column":24}},"692":{"start":{"line":693,"column":0},"end":{"line":693,"column":30}},"693":{"start":{"line":694,"column":0},"end":{"line":694,"column":31}},"694":{"start":{"line":695,"column":0},"end":{"line":695,"column":12}},"695":{"start":{"line":696,"column":0},"end":{"line":696,"column":121}},"696":{"start":{"line":697,"column":0},"end":{"line":697,"column":138}},"697":{"start":{"line":698,"column":0},"end":{"line":698,"column":123}},"698":{"start":{"line":699,"column":0},"end":{"line":699,"column":301}},"699":{"start":{"line":700,"column":0},"end":{"line":700,"column":376}},"701":{"start":{"line":702,"column":0},"end":{"line":702,"column":4}},"702":{"start":{"line":703,"column":0},"end":{"line":703,"column":3}},"703":{"start":{"line":704,"column":0},"end":{"line":704,"column":41}},"704":{"start":{"line":705,"column":0},"end":{"line":705,"column":52}},"705":{"start":{"line":706,"column":0},"end":{"line":706,"column":86}},"706":{"start":{"line":707,"column":0},"end":{"line":707,"column":31}},"707":{"start":{"line":708,"column":0},"end":{"line":708,"column":65}},"708":{"start":{"line":709,"column":0},"end":{"line":709,"column":22}},"709":{"start":{"line":710,"column":0},"end":{"line":710,"column":25}},"710":{"start":{"line":711,"column":0},"end":{"line":711,"column":30}},"711":{"start":{"line":712,"column":0},"end":{"line":712,"column":31}},"712":{"start":{"line":713,"column":0},"end":{"line":713,"column":12}},"713":{"start":{"line":714,"column":0},"end":{"line":714,"column":118}},"714":{"start":{"line":715,"column":0},"end":{"line":715,"column":259}},"715":{"start":{"line":716,"column":0},"end":{"line":716,"column":154}},"716":{"start":{"line":717,"column":0},"end":{"line":717,"column":293}},"717":{"start":{"line":718,"column":0},"end":{"line":718,"column":155}},"719":{"start":{"line":720,"column":0},"end":{"line":720,"column":4}},"720":{"start":{"line":721,"column":0},"end":{"line":721,"column":3}},"721":{"start":{"line":722,"column":0},"end":{"line":722,"column":34}},"722":{"start":{"line":723,"column":0},"end":{"line":723,"column":57}},"723":{"start":{"line":724,"column":0},"end":{"line":724,"column":85}},"724":{"start":{"line":725,"column":0},"end":{"line":725,"column":31}},"725":{"start":{"line":726,"column":0},"end":{"line":726,"column":77}},"726":{"start":{"line":727,"column":0},"end":{"line":727,"column":22}},"727":{"start":{"line":728,"column":0},"end":{"line":728,"column":25}},"728":{"start":{"line":729,"column":0},"end":{"line":729,"column":30}},"729":{"start":{"line":730,"column":0},"end":{"line":730,"column":31}},"730":{"start":{"line":731,"column":0},"end":{"line":731,"column":12}},"731":{"start":{"line":732,"column":0},"end":{"line":732,"column":276}},"732":{"start":{"line":733,"column":0},"end":{"line":733,"column":141}},"733":{"start":{"line":734,"column":0},"end":{"line":734,"column":168}},"734":{"start":{"line":735,"column":0},"end":{"line":735,"column":292}},"736":{"start":{"line":737,"column":0},"end":{"line":737,"column":4}},"737":{"start":{"line":738,"column":0},"end":{"line":738,"column":3}},"738":{"start":{"line":739,"column":0},"end":{"line":739,"column":35}},"739":{"start":{"line":740,"column":0},"end":{"line":740,"column":46}},"740":{"start":{"line":741,"column":0},"end":{"line":741,"column":71}},"741":{"start":{"line":742,"column":0},"end":{"line":742,"column":31}},"742":{"start":{"line":743,"column":0},"end":{"line":743,"column":70}},"743":{"start":{"line":744,"column":0},"end":{"line":744,"column":22}},"744":{"start":{"line":745,"column":0},"end":{"line":745,"column":24}},"745":{"start":{"line":746,"column":0},"end":{"line":746,"column":30}},"746":{"start":{"line":747,"column":0},"end":{"line":747,"column":31}},"747":{"start":{"line":748,"column":0},"end":{"line":748,"column":12}},"748":{"start":{"line":749,"column":0},"end":{"line":749,"column":126}},"749":{"start":{"line":750,"column":0},"end":{"line":750,"column":129}},"750":{"start":{"line":751,"column":0},"end":{"line":751,"column":136}},"751":{"start":{"line":752,"column":0},"end":{"line":752,"column":138}},"752":{"start":{"line":753,"column":0},"end":{"line":753,"column":137}},"754":{"start":{"line":755,"column":0},"end":{"line":755,"column":4}},"756":{"start":{"line":757,"column":0},"end":{"line":757,"column":21}},"757":{"start":{"line":758,"column":0},"end":{"line":758,"column":3}},"758":{"start":{"line":759,"column":0},"end":{"line":759,"column":34}},"759":{"start":{"line":760,"column":0},"end":{"line":760,"column":54}},"760":{"start":{"line":761,"column":0},"end":{"line":761,"column":123}},"761":{"start":{"line":762,"column":0},"end":{"line":762,"column":31}},"762":{"start":{"line":763,"column":0},"end":{"line":763,"column":70}},"763":{"start":{"line":764,"column":0},"end":{"line":764,"column":22}},"764":{"start":{"line":765,"column":0},"end":{"line":765,"column":25}},"765":{"start":{"line":766,"column":0},"end":{"line":766,"column":30}},"766":{"start":{"line":767,"column":0},"end":{"line":767,"column":27}},"767":{"start":{"line":768,"column":0},"end":{"line":768,"column":12}},"768":{"start":{"line":769,"column":0},"end":{"line":769,"column":325}},"769":{"start":{"line":770,"column":0},"end":{"line":770,"column":120}},"770":{"start":{"line":771,"column":0},"end":{"line":771,"column":257}},"771":{"start":{"line":772,"column":0},"end":{"line":772,"column":156}},"772":{"start":{"line":773,"column":0},"end":{"line":773,"column":130}},"774":{"start":{"line":775,"column":0},"end":{"line":775,"column":4}},"775":{"start":{"line":776,"column":0},"end":{"line":776,"column":3}},"776":{"start":{"line":777,"column":0},"end":{"line":777,"column":42}},"777":{"start":{"line":778,"column":0},"end":{"line":778,"column":55}},"778":{"start":{"line":779,"column":0},"end":{"line":779,"column":93}},"779":{"start":{"line":780,"column":0},"end":{"line":780,"column":31}},"780":{"start":{"line":781,"column":0},"end":{"line":781,"column":58}},"781":{"start":{"line":782,"column":0},"end":{"line":782,"column":22}},"782":{"start":{"line":783,"column":0},"end":{"line":783,"column":25}},"783":{"start":{"line":784,"column":0},"end":{"line":784,"column":30}},"784":{"start":{"line":785,"column":0},"end":{"line":785,"column":27}},"785":{"start":{"line":786,"column":0},"end":{"line":786,"column":12}},"786":{"start":{"line":787,"column":0},"end":{"line":787,"column":254}},"787":{"start":{"line":788,"column":0},"end":{"line":788,"column":130}},"788":{"start":{"line":789,"column":0},"end":{"line":789,"column":140}},"789":{"start":{"line":790,"column":0},"end":{"line":790,"column":140}},"790":{"start":{"line":791,"column":0},"end":{"line":791,"column":316}},"792":{"start":{"line":793,"column":0},"end":{"line":793,"column":4}},"793":{"start":{"line":794,"column":0},"end":{"line":794,"column":3}},"794":{"start":{"line":795,"column":0},"end":{"line":795,"column":39}},"795":{"start":{"line":796,"column":0},"end":{"line":796,"column":46}},"796":{"start":{"line":797,"column":0},"end":{"line":797,"column":91}},"797":{"start":{"line":798,"column":0},"end":{"line":798,"column":31}},"798":{"start":{"line":799,"column":0},"end":{"line":799,"column":71}},"799":{"start":{"line":800,"column":0},"end":{"line":800,"column":22}},"800":{"start":{"line":801,"column":0},"end":{"line":801,"column":25}},"801":{"start":{"line":802,"column":0},"end":{"line":802,"column":30}},"802":{"start":{"line":803,"column":0},"end":{"line":803,"column":27}},"803":{"start":{"line":804,"column":0},"end":{"line":804,"column":12}},"804":{"start":{"line":805,"column":0},"end":{"line":805,"column":151}},"805":{"start":{"line":806,"column":0},"end":{"line":806,"column":140}},"806":{"start":{"line":807,"column":0},"end":{"line":807,"column":127}},"807":{"start":{"line":808,"column":0},"end":{"line":808,"column":141}},"808":{"start":{"line":809,"column":0},"end":{"line":809,"column":142}},"810":{"start":{"line":811,"column":0},"end":{"line":811,"column":4}},"811":{"start":{"line":812,"column":0},"end":{"line":812,"column":3}},"812":{"start":{"line":813,"column":0},"end":{"line":813,"column":43}},"813":{"start":{"line":814,"column":0},"end":{"line":814,"column":54}},"814":{"start":{"line":815,"column":0},"end":{"line":815,"column":89}},"815":{"start":{"line":816,"column":0},"end":{"line":816,"column":31}},"816":{"start":{"line":817,"column":0},"end":{"line":817,"column":67}},"817":{"start":{"line":818,"column":0},"end":{"line":818,"column":22}},"818":{"start":{"line":819,"column":0},"end":{"line":819,"column":26}},"819":{"start":{"line":820,"column":0},"end":{"line":820,"column":30}},"820":{"start":{"line":821,"column":0},"end":{"line":821,"column":27}},"821":{"start":{"line":822,"column":0},"end":{"line":822,"column":12}},"822":{"start":{"line":823,"column":0},"end":{"line":823,"column":139}},"823":{"start":{"line":824,"column":0},"end":{"line":824,"column":129}},"824":{"start":{"line":825,"column":0},"end":{"line":825,"column":160}},"825":{"start":{"line":826,"column":0},"end":{"line":826,"column":152}},"826":{"start":{"line":827,"column":0},"end":{"line":827,"column":171}},"828":{"start":{"line":829,"column":0},"end":{"line":829,"column":4}},"829":{"start":{"line":830,"column":0},"end":{"line":830,"column":3}},"830":{"start":{"line":831,"column":0},"end":{"line":831,"column":30}},"831":{"start":{"line":832,"column":0},"end":{"line":832,"column":44}},"832":{"start":{"line":833,"column":0},"end":{"line":833,"column":87}},"833":{"start":{"line":834,"column":0},"end":{"line":834,"column":31}},"834":{"start":{"line":835,"column":0},"end":{"line":835,"column":64}},"835":{"start":{"line":836,"column":0},"end":{"line":836,"column":22}},"836":{"start":{"line":837,"column":0},"end":{"line":837,"column":25}},"837":{"start":{"line":838,"column":0},"end":{"line":838,"column":30}},"838":{"start":{"line":839,"column":0},"end":{"line":839,"column":27}},"839":{"start":{"line":840,"column":0},"end":{"line":840,"column":12}},"840":{"start":{"line":841,"column":0},"end":{"line":841,"column":265}},"841":{"start":{"line":842,"column":0},"end":{"line":842,"column":118}},"842":{"start":{"line":843,"column":0},"end":{"line":843,"column":162}},"843":{"start":{"line":844,"column":0},"end":{"line":844,"column":133}},"844":{"start":{"line":845,"column":0},"end":{"line":845,"column":278}},"846":{"start":{"line":847,"column":0},"end":{"line":847,"column":4}},"847":{"start":{"line":848,"column":0},"end":{"line":848,"column":3}},"848":{"start":{"line":849,"column":0},"end":{"line":849,"column":41}},"849":{"start":{"line":850,"column":0},"end":{"line":850,"column":53}},"850":{"start":{"line":851,"column":0},"end":{"line":851,"column":102}},"851":{"start":{"line":852,"column":0},"end":{"line":852,"column":31}},"852":{"start":{"line":853,"column":0},"end":{"line":853,"column":79}},"853":{"start":{"line":854,"column":0},"end":{"line":854,"column":22}},"854":{"start":{"line":855,"column":0},"end":{"line":855,"column":25}},"855":{"start":{"line":856,"column":0},"end":{"line":856,"column":30}},"856":{"start":{"line":857,"column":0},"end":{"line":857,"column":27}},"857":{"start":{"line":858,"column":0},"end":{"line":858,"column":12}},"858":{"start":{"line":859,"column":0},"end":{"line":859,"column":145}},"859":{"start":{"line":860,"column":0},"end":{"line":860,"column":145}},"860":{"start":{"line":861,"column":0},"end":{"line":861,"column":127}},"861":{"start":{"line":862,"column":0},"end":{"line":862,"column":135}},"862":{"start":{"line":863,"column":0},"end":{"line":863,"column":148}},"863":{"start":{"line":864,"column":0},"end":{"line":864,"column":309}},"865":{"start":{"line":866,"column":0},"end":{"line":866,"column":4}},"866":{"start":{"line":867,"column":0},"end":{"line":867,"column":3}},"867":{"start":{"line":868,"column":0},"end":{"line":868,"column":37}},"868":{"start":{"line":869,"column":0},"end":{"line":869,"column":48}},"869":{"start":{"line":870,"column":0},"end":{"line":870,"column":100}},"870":{"start":{"line":871,"column":0},"end":{"line":871,"column":31}},"871":{"start":{"line":872,"column":0},"end":{"line":872,"column":65}},"872":{"start":{"line":873,"column":0},"end":{"line":873,"column":22}},"873":{"start":{"line":874,"column":0},"end":{"line":874,"column":25}},"874":{"start":{"line":875,"column":0},"end":{"line":875,"column":30}},"875":{"start":{"line":876,"column":0},"end":{"line":876,"column":27}},"876":{"start":{"line":877,"column":0},"end":{"line":877,"column":12}},"877":{"start":{"line":878,"column":0},"end":{"line":878,"column":114}},"878":{"start":{"line":879,"column":0},"end":{"line":879,"column":160}},"879":{"start":{"line":880,"column":0},"end":{"line":880,"column":124}},"880":{"start":{"line":881,"column":0},"end":{"line":881,"column":144}},"881":{"start":{"line":882,"column":0},"end":{"line":882,"column":139}},"883":{"start":{"line":884,"column":0},"end":{"line":884,"column":4}},"884":{"start":{"line":885,"column":0},"end":{"line":885,"column":3}},"885":{"start":{"line":886,"column":0},"end":{"line":886,"column":39}},"886":{"start":{"line":887,"column":0},"end":{"line":887,"column":47}},"887":{"start":{"line":888,"column":0},"end":{"line":888,"column":100}},"888":{"start":{"line":889,"column":0},"end":{"line":889,"column":31}},"889":{"start":{"line":890,"column":0},"end":{"line":890,"column":69}},"890":{"start":{"line":891,"column":0},"end":{"line":891,"column":22}},"891":{"start":{"line":892,"column":0},"end":{"line":892,"column":25}},"892":{"start":{"line":893,"column":0},"end":{"line":893,"column":30}},"893":{"start":{"line":894,"column":0},"end":{"line":894,"column":27}},"894":{"start":{"line":895,"column":0},"end":{"line":895,"column":12}},"895":{"start":{"line":896,"column":0},"end":{"line":896,"column":141}},"896":{"start":{"line":897,"column":0},"end":{"line":897,"column":274}},"897":{"start":{"line":898,"column":0},"end":{"line":898,"column":269}},"898":{"start":{"line":899,"column":0},"end":{"line":899,"column":163}},"899":{"start":{"line":900,"column":0},"end":{"line":900,"column":152}},"901":{"start":{"line":902,"column":0},"end":{"line":902,"column":4}},"902":{"start":{"line":903,"column":0},"end":{"line":903,"column":3}},"903":{"start":{"line":904,"column":0},"end":{"line":904,"column":39}},"904":{"start":{"line":905,"column":0},"end":{"line":905,"column":50}},"905":{"start":{"line":906,"column":0},"end":{"line":906,"column":80}},"906":{"start":{"line":907,"column":0},"end":{"line":907,"column":31}},"907":{"start":{"line":908,"column":0},"end":{"line":908,"column":69}},"908":{"start":{"line":909,"column":0},"end":{"line":909,"column":22}},"909":{"start":{"line":910,"column":0},"end":{"line":910,"column":25}},"910":{"start":{"line":911,"column":0},"end":{"line":911,"column":30}},"911":{"start":{"line":912,"column":0},"end":{"line":912,"column":27}},"912":{"start":{"line":913,"column":0},"end":{"line":913,"column":12}},"913":{"start":{"line":914,"column":0},"end":{"line":914,"column":141}},"914":{"start":{"line":915,"column":0},"end":{"line":915,"column":161}},"915":{"start":{"line":916,"column":0},"end":{"line":916,"column":164}},"916":{"start":{"line":917,"column":0},"end":{"line":917,"column":105}},"917":{"start":{"line":918,"column":0},"end":{"line":918,"column":166}},"919":{"start":{"line":920,"column":0},"end":{"line":920,"column":4}},"920":{"start":{"line":921,"column":0},"end":{"line":921,"column":3}},"921":{"start":{"line":922,"column":0},"end":{"line":922,"column":44}},"922":{"start":{"line":923,"column":0},"end":{"line":923,"column":56}},"923":{"start":{"line":924,"column":0},"end":{"line":924,"column":80}},"924":{"start":{"line":925,"column":0},"end":{"line":925,"column":31}},"925":{"start":{"line":926,"column":0},"end":{"line":926,"column":72}},"926":{"start":{"line":927,"column":0},"end":{"line":927,"column":22}},"927":{"start":{"line":928,"column":0},"end":{"line":928,"column":34}},"928":{"start":{"line":929,"column":0},"end":{"line":929,"column":30}},"929":{"start":{"line":930,"column":0},"end":{"line":930,"column":27}},"930":{"start":{"line":931,"column":0},"end":{"line":931,"column":12}},"931":{"start":{"line":932,"column":0},"end":{"line":932,"column":270}},"932":{"start":{"line":933,"column":0},"end":{"line":933,"column":137}},"933":{"start":{"line":934,"column":0},"end":{"line":934,"column":133}},"934":{"start":{"line":935,"column":0},"end":{"line":935,"column":128}},"935":{"start":{"line":936,"column":0},"end":{"line":936,"column":296}},"937":{"start":{"line":938,"column":0},"end":{"line":938,"column":4}},"938":{"start":{"line":939,"column":0},"end":{"line":939,"column":3}},"939":{"start":{"line":940,"column":0},"end":{"line":940,"column":39}},"940":{"start":{"line":941,"column":0},"end":{"line":941,"column":50}},"941":{"start":{"line":942,"column":0},"end":{"line":942,"column":80}},"942":{"start":{"line":943,"column":0},"end":{"line":943,"column":31}},"943":{"start":{"line":944,"column":0},"end":{"line":944,"column":70}},"944":{"start":{"line":945,"column":0},"end":{"line":945,"column":22}},"945":{"start":{"line":946,"column":0},"end":{"line":946,"column":25}},"946":{"start":{"line":947,"column":0},"end":{"line":947,"column":30}},"947":{"start":{"line":948,"column":0},"end":{"line":948,"column":27}},"948":{"start":{"line":949,"column":0},"end":{"line":949,"column":12}},"949":{"start":{"line":950,"column":0},"end":{"line":950,"column":151}},"950":{"start":{"line":951,"column":0},"end":{"line":951,"column":143}},"951":{"start":{"line":952,"column":0},"end":{"line":952,"column":270}},"952":{"start":{"line":953,"column":0},"end":{"line":953,"column":152}},"953":{"start":{"line":954,"column":0},"end":{"line":954,"column":263}},"955":{"start":{"line":956,"column":0},"end":{"line":956,"column":4}},"956":{"start":{"line":957,"column":0},"end":{"line":957,"column":3}},"957":{"start":{"line":958,"column":0},"end":{"line":958,"column":38}},"958":{"start":{"line":959,"column":0},"end":{"line":959,"column":57}},"959":{"start":{"line":960,"column":0},"end":{"line":960,"column":105}},"960":{"start":{"line":961,"column":0},"end":{"line":961,"column":31}},"961":{"start":{"line":962,"column":0},"end":{"line":962,"column":72}},"962":{"start":{"line":963,"column":0},"end":{"line":963,"column":22}},"963":{"start":{"line":964,"column":0},"end":{"line":964,"column":25}},"964":{"start":{"line":965,"column":0},"end":{"line":965,"column":30}},"965":{"start":{"line":966,"column":0},"end":{"line":966,"column":27}},"966":{"start":{"line":967,"column":0},"end":{"line":967,"column":12}},"967":{"start":{"line":968,"column":0},"end":{"line":968,"column":147}},"968":{"start":{"line":969,"column":0},"end":{"line":969,"column":287}},"969":{"start":{"line":970,"column":0},"end":{"line":970,"column":268}},"970":{"start":{"line":971,"column":0},"end":{"line":971,"column":138}},"971":{"start":{"line":972,"column":0},"end":{"line":972,"column":465}},"973":{"start":{"line":974,"column":0},"end":{"line":974,"column":4}},"974":{"start":{"line":975,"column":0},"end":{"line":975,"column":3}},"975":{"start":{"line":976,"column":0},"end":{"line":976,"column":43}},"976":{"start":{"line":977,"column":0},"end":{"line":977,"column":53}},"977":{"start":{"line":978,"column":0},"end":{"line":978,"column":88}},"978":{"start":{"line":979,"column":0},"end":{"line":979,"column":31}},"979":{"start":{"line":980,"column":0},"end":{"line":980,"column":71}},"980":{"start":{"line":981,"column":0},"end":{"line":981,"column":22}},"981":{"start":{"line":982,"column":0},"end":{"line":982,"column":26}},"982":{"start":{"line":983,"column":0},"end":{"line":983,"column":30}},"983":{"start":{"line":984,"column":0},"end":{"line":984,"column":27}},"984":{"start":{"line":985,"column":0},"end":{"line":985,"column":12}},"985":{"start":{"line":986,"column":0},"end":{"line":986,"column":147}},"986":{"start":{"line":987,"column":0},"end":{"line":987,"column":241}},"987":{"start":{"line":988,"column":0},"end":{"line":988,"column":160}},"988":{"start":{"line":989,"column":0},"end":{"line":989,"column":550}},"989":{"start":{"line":990,"column":0},"end":{"line":990,"column":160}},"990":{"start":{"line":991,"column":0},"end":{"line":991,"column":144}},"992":{"start":{"line":993,"column":0},"end":{"line":993,"column":4}},"993":{"start":{"line":994,"column":0},"end":{"line":994,"column":3}},"994":{"start":{"line":995,"column":0},"end":{"line":995,"column":33}},"995":{"start":{"line":996,"column":0},"e
[...]
,"12231":1,"12232":1,"12233":1,"12234":1,"12235":1,"12236":1,"12237":1,"12239":1,"12240":1,"12241":1,"12242":1,"12243":1,"12244":1,"12245":1,"12246":1,"12247":1,"12248":1,"12249":1,"12250":1,"12251":1,"12252":1,"12253":1,"12254":1,"12255":1,"12257":1,"12258":1,"12259":1,"12260":1,"12261":1,"12262":1,"12263":1,"12264":1,"12265":1,"12266":1,"12267":1,"12268":1,"12269":1,"12270":1,"12271":1,"12272":1,"12273":1,"12274":1,"12276":1,"12277":1,"12278":1,"12279":1,"12280":1,"12281":1,"12282":1,"12283":1,"12284":1,"12285":1,"12286":1,"12287":1,"12288":1,"12289":1,"12290":1,"12291":1,"12292":1,"12294":1,"12295":1,"12296":1,"12297":1,"12298":1,"12299":1,"12300":1,"12301":1,"12302":1,"12303":1,"12304":1,"12305":1,"12306":1,"12307":1,"12308":1,"12309":1,"12310":1,"12312":1,"12313":1,"12314":1,"12315":1,"12316":1,"12317":1,"12318":1,"12319":1,"12320":1,"12321":1,"12322":1,"12323":1,"12324":1,"12325":1,"12326":1,"12327":1,"12328":1,"12330":1,"12331":1,"12332":1,"12333":1,"12334":1,"12335":1,"12336":1,"12337":1,"12338":1,"12339":1,"12340":1,"12341":1,"12342":1,"12343":1,"12344":1,"12345":1,"12346":1,"12348":1,"12349":1,"12350":1,"12351":1,"12352":1,"12353":1,"12354":1,"12355":1,"12356":1,"12357":1,"12358":1,"12359":1,"12360":1,"12361":1,"12362":1,"12363":1,"12365":1,"12366":1,"12367":1,"12368":1,"12369":1,"12370":1,"12371":1,"12372":1,"12373":1,"12374":1,"12375":1,"12376":1,"12377":1,"12378":1,"12379":1,"12380":1,"12381":1,"12383":1,"12384":1,"12385":1,"12386":1,"12387":1,"12388":1,"12389":1,"12390":1,"12391":1,"12392":1,"12393":1,"12394":1,"12395":1,"12396":1,"12397":1,"12398":1,"12399":1,"12401":1,"12402":1,"12403":1,"12404":1,"12405":1,"12406":1,"12407":1,"12408":1,"12409":1,"12410":1,"12411":1,"12412":1,"12413":1,"12414":1,"12415":1,"12416":1,"12417":1,"12418":1,"12420":1,"12421":1,"12422":1,"12423":1,"12424":1,"12425":1,"12426":1,"12427":1,"12428":1,"12429":1,"12430":1,"12431":1,"12432":1,"12433":1,"12434":1,"12435":1,"12436":1,"12438":1,"12439":1,"12440":1,"12441":1,"12442":1,"12443":1,"12444":1,"12445":1,"12446":1,"12447":1,"12448":1,"12449":1,"12450":1,"12451":1,"12452":1,"12453":1,"12454":1,"12456":1,"12457":1,"12462":1},"branchMap":{},"b":{},"fnMap":{},"f":{}}
,"/home/user/teksure/src/lib/favorites.ts": {"path":"/home/user/teksure/src/lib/favorites.ts","all":false,"statementMap":{"0":{"start":{"line":1,"column":0},"end":{"line":1,"column":40}},"1":{"start":{"line":2,"column":0},"end":{"line":2,"column":47}},"9":{"start":{"line":10,"column":0},"end":{"line":10,"column":49}},"10":{"start":{"line":11,"column":0},"end":{"line":11,"column":26}},"11":{"start":{"line":12,"column":0},"end":{"line":12,"column":7}},"12":{"start":{"line":13,"column":0},"end":{"line":13,"column":65}},"13":{"start":{"line":14,"column":0},"end":{"line":14,"column":11}},"14":{"start":{"line":15,"column":0},"end":{"line":15,"column":14}},"15":{"start":{"line":16,"column":0},"end":{"line":16,"column":3}},"16":{"start":{"line":17,"column":0},"end":{"line":17,"column":1}},"18":{"start":{"line":19,"column":0},"end":{"line":19,"column":51}},"19":{"start":{"line":20,"column":0},"end":{"line":20,"column":53}},"20":{"start":{"line":21,"column":0},"end":{"line":21,"column":1}},"22":{"start":{"line":23,"column":0},"end":{"line":23,"column":57}},"23":{"start":{"line":24,"column":0},"end":{"line":24,"column":67}},"24":{"start":{"line":25,"column":0},"end":{"line":25,"column":19}},"25":{"start":{"line":26,"column":0},"end":{"line":26,"column":58}},"26":{"start":{"line":27,"column":0},"end":{"line":27,"column":1}},"28":{"start":{"line":29,"column":0},"end":{"line":29,"column":52}},"29":{"start":{"line":30,"column":0},"end":{"line":30,"column":61}},"30":{"start":{"line":31,"column":0},"end":{"line":31,"column":58}},"31":{"start":{"line":32,"column":0},"end":{"line":32,"column":1}}},"s":{"0":1,"1":1,"9":1,"10":20,"11":20,"12":20,"13":20,"14":1,"15":1,"16":20,"18":1,"19":2,"20":2,"22":1,"23":9,"24":9,"25":9,"26":9,"28":1,"29":2,"30":2,"31":2},"branchMap":{"0":{"type":"branch","line":10,"loc":{"start":{"line":10,"column":7},"end":{"line":17,"column":1}},"locations":[{"start":{"line":10,"column":7},"end":{"line":17,"column":1}}]},"1":{"type":"branch","line":11,"loc":{"start":{"line":11,"column":16},"end":{"line":11,"column":26}},"locations":[{"start":{"line":11,"column":16},"end":{"line":11,"column":26}}]},"2":{"type":"branch","line":13,"loc":{"start":{"line":13,"column":43},"end":{"line":13,"column":65}},"locations":[{"start":{"line":13,"column":43},"end":{"line":13,"column":65}}]},"3":{"type":"branch","line":14,"loc":{"start":{"line":14,"column":4},"end":{"line":16,"column":3}},"locations":[{"start":{"line":14,"column":4},"end":{"line":16,"column":3}}]},"4":{"type":"branch","line":19,"loc":{"start":{"line":19,"column":7},"end":{"line":21,"column":1}},"locations":[{"start":{"line":19,"column":7},"end":{"line":21,"column":1}}]},"5":{"type":"branch","line":20,"loc":{"start":{"line":20,"column":29},"end":{"line":20,"column":53}},"locations":[{"start":{"line":20,"column":29},"end":{"line":20,"column":53}}]},"6":{"type":"branch","line":23,"loc":{"start":{"line":23,"column":7},"end":{"line":27,"column":1}},"locations":[{"start":{"line":23,"column":7},"end":{"line":27,"column":1}}]},"7":{"type":"branch","line":24,"loc":{"start":{"line":24,"column":37},"end":{"line":24,"column":65}},"locations":[{"start":{"line":24,"column":37},"end":{"line":24,"column":65}}]},"8":{"type":"branch","line":29,"loc":{"start":{"line":29,"column":7},"end":{"line":32,"column":1}},"locations":[{"start":{"line":29,"column":7},"end":{"line":32,"column":1}}]},"9":{"type":"branch","line":30,"loc":{"start":{"line":30,"column":37},"end":{"line":30,"column":61}},"locations":[{"start":{"line":30,"column":37},"end":{"line":30,"column":61}}]}},"b":{"0":[20],"1":[0],"2":[8],"3":[1],"4":[2],"5":[1],"6":[9],"7":[3],"8":[2],"9":[3]},"fnMap":{"0":{"name":"getFavorites","decl":{"start":{"line":10,"column":7},"end":{"line":17,"column":1}},"loc":{"start":{"line":10,"column":7},"end":{"line":17,"column":1}},"line":10},"1":{"name":"isFavorite","decl":{"start":{"line":19,"column":7},"end":{"line":21,"column":1}},"loc":{"start":{"line":19,"column":7},"end":{"line":21,"column":1}},"line":19},"2":{"name":"addFavorite","decl":{"start":{"line":23,"column":7},"end":{"line":27,"column":1}},"loc":{"start":{"line":23,"column":7},"end":{"line":27,"column":1}},"line":23},"3":{"name":"removeFavorite","decl":{"start":{"line":29,"column":7},"end":{"line":32,"column":1}},"loc":{"start":{"line":29,"column":7},"end":{"line":32,"column":1}},"line":29}},"f":{"0":20,"1":2,"2":9,"3":2}}
,"/home/user/teksure/src/lib/progress.ts": {"path":"/home/user/teksure/src/lib/progress.ts","all":false,"statementMap":{"0":{"start":{"line":1,"column":0},"end":{"line":1,"column":45}},"1":{"start":{"line":2,"column":0},"end":{"line":2,"column":47}},"3":{"start":{"line":4,"column":0},"end":{"line":4,"column":51}},"4":{"start":{"line":5,"column":0},"end":{"line":5,"column":33}},"5":{"start":{"line":6,"column":0},"end":{"line":6,"column":7}},"6":{"start":{"line":7,"column":0},"end":{"line":7,"column":50}},"7":{"start":{"line":8,"column":0},"end":{"line":8,"column":31}},"8":{"start":{"line":9,"column":0},"end":{"line":9,"column":48}},"9":{"start":{"line":10,"column":0},"end":{"line":10,"column":11}},"10":{"start":{"line":11,"column":0},"end":{"line":11,"column":21}},"11":{"start":{"line":12,"column":0},"end":{"line":12,"column":3}},"12":{"start":{"line":13,"column":0},"end":{"line":13,"column":1}},"14":{"start":{"line":15,"column":0},"end":{"line":15,"column":73}},"15":{"start":{"line":16,"column":0},"end":{"line":16,"column":41}},"16":{"start":{"line":17,"column":0},"end":{"line":17,"column":22}},"17":{"start":{"line":18,"column":0},"end":{"line":18,"column":68}},"18":{"start":{"line":19,"column":0},"end":{"line":19,"column":74}},"19":{"start":{"line":20,"column":0},"end":{"line":20,"column":67}},"21":{"start":{"line":22,"column":0},"end":{"line":22,"column":66}},"22":{"start":{"line":23,"column":0},"end":{"line":23,"column":15}},"23":{"start":{"line":24,"column":0},"end":{"line":24,"column":67}},"24":{"start":{"line":25,"column":0},"end":{"line":25,"column":37}},"25":{"start":{"line":26,"column":0},"end":{"line":26,"column":20}},"26":{"start":{"line":27,"column":0},"end":{"line":27,"column":47}},"27":{"start":{"line":28,"column":0},"end":{"line":28,"column":7}},"28":{"start":{"line":29,"column":0},"end":{"line":29,"column":3}},"29":{"start":{"line":30,"column":0},"end":{"line":30,"column":1}},"31":{"start":{"line":32,"column":0},"end":{"line":32,"column":57}},"32":{"start":{"line":33,"column":0},"end":{"line":33,"column":40}},"33":{"start":{"line":34,"column":0},"end":{"line":34,"column":1}},"35":{"start":{"line":36,"column":0},"end":{"line":36,"column":39}},"36":{"start":{"line":37,"column":0},"end":{"line":37,"column":39}},"37":{"start":{"line":38,"column":0},"end":{"line":38,"column":67}},"38":{"start":{"line":39,"column":0},"end":{"line":39,"column":1}},"40":{"start":{"line":41,"column":0},"end":{"line":41,"column":108}},"41":{"start":{"line":42,"column":0},"end":{"line":42,"column":36}},"42":{"start":{"line":43,"column":0},"end":{"line":43,"column":19}},"43":{"start":{"line":44,"column":0},"end":{"line":44,"column":65}},"44":{"start":{"line":45,"column":0},"end":{"line":45,"column":107}},"45":{"start":{"line":46,"column":0},"end":{"line":46,"column":3}},"46":{"start":{"line":47,"column":0},"end":{"line":47,"column":62}},"47":{"start":{"line":48,"column":0},"end":{"line":48,"column":1}}},"s":{"0":1,"1":1,"3":1,"4":23,"5":23,"6":23,"7":23,"8":12,"9":23,"10":1,"11":1,"12":23,"14":1,"15":11,"16":11,"17":11,"18":11,"19":11,"21":11,"22":11,"23":0,"24":0,"25":0,"26":0,"27":0,"28":0,"29":11,"31":1,"32":2,"33":2,"35":1,"36":1,"37":1,"38":1,"40":1,"41":3,"42":3,"43":2,"44":2,"45":2,"46":1,"47":1},"branchMap":{"0":{"type":"branch","line":4,"loc":{"start":{"line":4,"column":7},"end":{"line":13,"column":1}},"locations":[{"start":{"line":4,"column":7},"end":{"line":13,"column":1}}]},"1":{"type":"branch","line":5,"loc":{"start":{"line":5,"column":16},"end":{"line":5,"column":33}},"locations":[{"start":{"line":5,"column":16},"end":{"line":5,"column":33}}]},"2":{"type":"branch","line":8,"loc":{"start":{"line":8,"column":14},"end":{"line":8,"column":31}},"locations":[{"start":{"line":8,"column":14},"end":{"line":8,"column":31}}]},"3":{"type":"branch","line":8,"loc":{"start":{"line":8,"column":25},"end":{"line":10,"column":4}},"locations":[{"start":{"line":8,"column":25},"end":{"line":10,"column":4}}]},"4":{"type":"branch","line":10,"loc":{"start":{"line":10,"column":4},"end":{"line":12,"column":3}},"locations":[{"start":{"line":10,"column":4},"end":{"line":12,"column":3}}]},"5":{"type":"branch","line":15,"loc":{"start":{"line":15,"column":7},"end":{"line":30,"column":1}},"locations":[{"start":{"line":15,"column":7},"end":{"line":30,"column":1}}]},"6":{"type":"branch","line":23,"loc":{"start":{"line":23,"column":14},"end":{"line":29,"column":3}},"locations":[{"start":{"line":23,"column":14},"end":{"line":29,"column":3}}]},"7":{"type":"branch","line":32,"loc":{"start":{"line":32,"column":7},"end":{"line":34,"column":1}},"locations":[{"start":{"line":32,"column":7},"end":{"line":34,"column":1}}]},"8":{"type":"branch","line":36,"loc":{"start":{"line":36,"column":7},"end":{"line":39,"column":1}},"locations":[{"start":{"line":36,"column":7},"end":{"line":39,"column":1}}]},"9":{"type":"branch","line":41,"loc":{"start":{"line":41,"column":7},"end":{"line":48,"column":1}},"locations":[{"start":{"line":41,"column":7},"end":{"line":48,"column":1}}]},"10":{"type":"branch","line":43,"loc":{"start":{"line":43,"column":18},"end":{"line":46,"column":3}},"locations":[{"start":{"line":43,"column":18},"end":{"line":46,"column":3}}]},"11":{"type":"branch","line":46,"loc":{"start":{"line":46,"column":2},"end":{"line":48,"column":1}},"locations":[{"start":{"line":46,"column":2},"end":{"line":48,"column":1}}]},"12":{"type":"branch","line":44,"loc":{"start":{"line":44,"column":40},"end":{"line":44,"column":58}},"locations":[{"start":{"line":44,"column":40},"end":{"line":44,"column":58}}]}},"b":{"0":[23],"1":[0],"2":[11],"3":[12],"4":[1],"5":[11],"6":[0],"7":[2],"8":[1],"9":[3],"10":[2],"11":[1],"12":[5]},"fnMap":{"0":{"name":"getCompletedGuides","decl":{"start":{"line":4,"column":7},"end":{"line":13,"column":1}},"loc":{"start":{"line":4,"column":7},"end":{"line":13,"column":1}},"line":4},"1":{"name":"markGuideCompleted","decl":{"start":{"line":15,"column":7},"end":{"line":30,"column":1}},"loc":{"start":{"line":15,"column":7},"end":{"line":30,"column":1}},"line":15},"2":{"name":"isGuideCompleted","decl":{"start":{"line":32,"column":7},"end":{"line":34,"column":1}},"loc":{"start":{"line":32,"column":7},"end":{"line":34,"column":1}},"line":32},"3":{"name":"clearProgress","decl":{"start":{"line":36,"column":7},"end":{"line":39,"column":1}},"loc":{"start":{"line":36,"column":7},"end":{"line":39,"column":1}},"line":36},"4":{"name":"getProgressCount","decl":{"start":{"line":41,"column":7},"end":{"line":48,"column":1}},"loc":{"start":{"line":41,"column":7},"end":{"line":48,"column":1}},"line":41}},"f":{"0":23,"1":11,"2":2,"3":1,"4":3}}
,"/home/user/teksure/src/lib/rateLimit.ts": {"path":"/home/user/teksure/src/lib/rateLimit.ts","all":false,"statementMap":{"0":{"start":{"line":1,"column":0},"end":{"line":1,"column":3}},"6":{"start":{"line":7,"column":0},"end":{"line":7,"column":3}},"8":{"start":{"line":9,"column":0},"end":{"line":9,"column":47}},"15":{"start":{"line":16,"column":0},"end":{"line":16,"column":42}},"17":{"start":{"line":18,"column":0},"end":{"line":18,"column":55}},"18":{"start":{"line":19,"column":0},"end":{"line":19,"column":26}},"19":{"start":{"line":20,"column":0},"end":{"line":20,"column":7}},"20":{"start":{"line":21,"column":0},"end":{"line":21,"column":67}},"21":{"start":{"line":22,"column":0},"end":{"line":22,"column":11}},"22":{"start":{"line":23,"column":0},"end":{"line":23,"column":14}},"23":{"start":{"line":24,"column":0},"end":{"line":24,"column":3}},"24":{"start":{"line":25,"column":0},"end":{"line":25,"column":1}},"26":{"start":{"line":27,"column":0},"end":{"line":27,"column":63}},"27":{"start":{"line":28,"column":0},"end":{"line":28,"column":23}},"28":{"start":{"line":29,"column":0},"end":{"line":29,"column":63}},"29":{"start":{"line":30,"column":0},"end":{"line":30,"column":1}},"31":{"start":{"line":32,"column":0},"end":{"line":32,"column":3}},"37":{"start":{"line":38,"column":0},"end":{"line":38,"column":3}},"38":{"start":{"line":39,"column":0},"end":{"line":39,"column":94}},"39":{"start":{"line":40,"column":0},"end":{"line":40,"column":31}},"40":{"start":{"line":41,"column":0},"end":{"line":41,"column":25}},"41":{"start":{"line":42,"column":0},"end":{"line":42,"column":29}},"43":{"start":{"line":44,"column":0},"end":{"line":44,"column":53}},"44":{"start":{"line":45,"column":0},"end":{"line":45,"column":25}},"45":{"start":{"line":46,"column":0},"end":{"line":46,"column":50}},"46":{"start":{"line":47,"column":0},"end":{"line":47,"column":25}},"47":{"start":{"line":48,"column":0},"end":{"line":48,"column":16}},"48":{"start":{"line":49,"column":0},"end":{"line":49,"column":3}},"50":{"start":{"line":51,"column":0},"end":{"line":51,"column":35}},"51":{"start":{"line":52,"column":0},"end":{"line":52,"column":17}},"52":{"start":{"line":53,"column":0},"end":{"line":53,"column":3}},"54":{"start":{"line":55,"column":0},"end":{"line":55,"column":16}},"55":{"start":{"line":56,"column":0},"end":{"line":56,"column":23}},"56":{"start":{"line":57,"column":0},"end":{"line":57,"column":14}},"57":{"start":{"line":58,"column":0},"end":{"line":58,"column":1}},"59":{"start":{"line":60,"column":0},"end":{"line":60,"column":3}},"61":{"start":{"line":62,"column":0},"end":{"line":62,"column":3}},"62":{"start":{"line":63,"column":0},"end":{"line":63,"column":75}},"63":{"start":{"line":64,"column":0},"end":{"line":64,"column":31}},"64":{"start":{"line":65,"column":0},"end":{"line":65,"column":29}},"65":{"start":{"line":66,"column":0},"end":{"line":66,"column":23}},"66":{"start":{"line":67,"column":0},"end":{"line":67,"column":49}},"67":{"start":{"line":68,"column":0},"end":{"line":68,"column":41}},"68":{"start":{"line":69,"column":0},"end":{"line":69,"column":1}}},"s":{"0":1,"6":1,"8":1,"15":1,"17":18,"18":18,"19":18,"20":18,"21":18,"22":0,"23":0,"24":18,"26":12,"27":12,"28":12,"29":12,"31":1,"37":1,"38":1,"39":15,"40":15,"41":15,"43":15,"44":9,"45":9,"46":9,"47":9,"48":9,"50":15,"51":3,"52":3,"54":3,"55":3,"56":3,"57":3,"59":1,"61":1,"62":1,"63":3,"64":3,"65":3,"66":2,"67":2,"68":2},"branchMap":{"0":{"type":"branch","line":18,"loc":{"start":{"line":18,"column":0},"end":{"line":25,"column":1}},"locations":[{"start":{"line":18,"column":0},"end":{"line":25,"column":1}}]},"1":{"type":"branch","line":19,"loc":{"start":{"line":19,"column":16},"end":{"line":19,"column":26}},"locations":[{"start":{"line":19,"column":16},"end":{"line":19,"column":26}}]},"2":{"type":"branch","line":21,"loc":{"start":{"line":21,"column":45},"end":{"line":21,"column":67}},"locations":[{"start":{"line":21,"column":45},"end":{"line":21,"column":67}}]},"3":{"type":"branch","line":22,"loc":{"start":{"line":22,"column":4},"end":{"line":24,"column":3}},"locations":[{"start":{"line":22,"column":4},"end":{"line":24,"column":3}}]},"4":{"type":"branch","line":27,"loc":{"start":{"line":27,"column":0},"end":{"line":30,"column":1}},"locations":[{"start":{"line":27,"column":0},"end":{"line":30,"column":1}}]},"5":{"type":"branch","line":28,"loc":{"start":{"line":28,"column":16},"end":{"line":28,"column":23}},"locations":[{"start":{"line":28,"column":16},"end":{"line":28,"column":23}}]},"6":{"type":"branch","line":39,"loc":{"start":{"line":39,"column":7},"end":{"line":58,"column":1}},"locations":[{"start":{"line":39,"column":7},"end":{"line":58,"column":1}}]},"7":{"type":"branch","line":44,"loc":{"start":{"line":44,"column":7},"end":{"line":44,"column":52}},"locations":[{"start":{"line":44,"column":7},"end":{"line":44,"column":52}}]},"8":{"type":"branch","line":44,"loc":{"start":{"line":44,"column":52},"end":{"line":49,"column":3}},"locations":[{"start":{"line":44,"column":52},"end":{"line":49,"column":3}}]},"9":{"type":"branch","line":49,"loc":{"start":{"line":49,"column":2},"end":{"line":51,"column":34}},"locations":[{"start":{"line":49,"column":2},"end":{"line":51,"column":34}}]},"10":{"type":"branch","line":51,"loc":{"start":{"line":51,"column":34},"end":{"line":58,"column":1}},"locations":[{"start":{"line":51,"column":34},"end":{"line":58,"column":1}}]},"11":{"type":"branch","line":63,"loc":{"start":{"line":63,"column":7},"end":{"line":69,"column":1}},"locations":[{"start":{"line":63,"column":7},"end":{"line":69,"column":1}}]},"12":{"type":"branch","line":66,"loc":{"start":{"line":66,"column":14},"end":{"line":66,"column":23}},"locations":[{"start":{"line":66,"column":14},"end":{"line":66,"column":23}}]},"13":{"type":"branch","line":66,"loc":{"start":{"line":66,"column":21},"end":{"line":69,"column":1}},"locations":[{"start":{"line":66,"column":21},"end":{"line":69,"column":1}}]}},"b":{"0":[18],"1":[0],"2":[8],"3":[0],"4":[12],"5":[0],"6":[15],"7":[7],"8":[9],"9":[6],"10":[3],"11":[3],"12":[1],"13":[2]},"fnMap":{"0":{"name":"getEntries","decl":{"start":{"line":18,"column":0},"end":{"line":25,"column":1}},"loc":{"start":{"line":18,"column":0},"end":{"line":25,"column":1}},"line":18},"1":{"name":"saveEntries","decl":{"start":{"line":27,"column":0},"end":{"line":30,"column":1}},"loc":{"start":{"line":27,"column":0},"end":{"line":30,"column":1}},"line":27},"2":{"name":"checkRateLimit","decl":{"start":{"line":39,"column":7},"end":{"line":58,"column":1}},"loc":{"start":{"line":39,"column":7},"end":{"line":58,"column":1}},"line":39},"3":{"name":"getRateLimitReset","decl":{"start":{"line":63,"column":7},"end":{"line":69,"column":1}},"loc":{"start":{"line":63,"column":7},"end":{"line":69,"column":1}},"line":63}},"f":{"0":18,"1":12,"2":15,"3":3}}
}
